#
# There is insufficient memory for the Java Runtime Environment to continue.
# Native memory allocation (malloc) failed to allocate 2018096 bytes for Chunk::new
# Possible reasons:
#   The system is out of physical RAM or swap space
#   The process is running with CompressedOops enabled, and the Java Heap may be blocking the growth of the native heap
# Possible solutions:
#   Reduce memory load on the system
#   Increase physical memory or swap space
#   Check if swap backing store is full
#   Decrease Java heap size (-Xmx/-Xms)
#   Decrease number of Java threads
#   Decrease Java thread stack sizes (-Xss)
#   Set larger code cache with -XX:ReservedCodeCacheSize=
#   JVM is running with Unscaled Compressed Oops mode in which the Java heap is
#     placed in the first 4GB address space. The Java Heap base address is the
#     maximum limit for the native heap growth. Please use -XX:HeapBaseMinAddress
#     to set the Java Heap base and to place the Java Heap above 4GB virtual address.
# This output file may be truncated or incomplete.
#
#  Out of Memory Error (src/hotspot/share/memory/arena.cpp:197), pid=16260, tid=19704
#
# JRE version: OpenJDK Runtime Environment (11.0.15) (build 11.0.15+0-b2043.56-8887301)
# Java VM: OpenJDK 64-Bit Server VM (11.0.15+0-b2043.56-8887301, mixed mode, tiered, compressed oops, g1 gc, windows-amd64)
# No core dump will be written. Minidumps are not enabled by default on client versions of Windows
#

---------------  S U M M A R Y ------------

Command Line: --add-opens=java.base/java.util=ALL-UNNAMED --add-opens=java.base/java.lang=ALL-UNNAMED --add-opens=java.base/java.lang.invoke=ALL-UNNAMED --add-opens=java.base/java.util=ALL-UNNAMED --add-opens=java.prefs/java.util.prefs=ALL-UNNAMED --add-opens=java.prefs/java.util.prefs=ALL-UNNAMED --add-opens=java.base/java.nio.charset=ALL-UNNAMED --add-opens=java.base/java.net=ALL-UNNAMED --add-opens=java.base/java.util.concurrent.atomic=ALL-UNNAMED -Xmx2048m -Dfile.encoding=UTF-8 -Duser.country=RU -Duser.language=ru -Duser.variant org.gradle.launcher.daemon.bootstrap.GradleDaemon 7.5

Host: Intel(R) Core(TM) i7-9700 CPU @ 3.00GHz, 8 cores, 15G,  Windows 10 , 64 bit Build 17763 (10.0.17763.4377)
Time: Wed Jun 14 11:13:21 2023 ќмское стандартное врем€ elapsed time: 2395.545646 seconds (0d 0h 39m 55s)

---------------  T H R E A D  ---------------

Current thread (0x0000027c2f7e3800):  JavaThread "C2 CompilerThread2" daemon [_thread_in_native, id=19704, stack(0x0000008b06b00000,0x0000008b06c00000)]


Current CompileTask:
C2:2395545 24435       4       org.objectweb.asm.ClassReader::readCode (5109 bytes)

Stack: [0x0000008b06b00000,0x0000008b06c00000]
Native frames: (J=compiled Java code, j=interpreted, Vv=VM code, C=native code)
V  [jvm.dll+0x64135a]
V  [jvm.dll+0x7d39f9]
V  [jvm.dll+0x7d51b9]
V  [jvm.dll+0x7d58a3]
V  [jvm.dll+0x2691c5]
V  [jvm.dll+0xc1a5c]
V  [jvm.dll+0xc200c]
V  [jvm.dll+0x377462]
V  [jvm.dll+0x1b3732]
V  [jvm.dll+0x22163e]
V  [jvm.dll+0x220498]
V  [jvm.dll+0x19e851]
V  [jvm.dll+0x230479]
V  [jvm.dll+0x22e5ef]
V  [jvm.dll+0x794de1]
V  [jvm.dll+0x78dc24]
V  [jvm.dll+0x6400f6]
C  [ucrtbase.dll+0x2268a]
C  [KERNEL32.DLL+0x17ac4]
C  [ntdll.dll+0x5a351]


---------------  P R O C E S S  ---------------

Threads class SMR info:
_java_thread_list=0x0000027c3671f2a0, length=136, elements={
0x0000027c10ba9000, 0x0000027c2b8c4000, 0x0000027c2b8d1800, 0x0000027c2b92d000,
0x0000027c2b930000, 0x0000027c2b931000, 0x0000027c2b932800, 0x0000027c2b935800,
0x0000027c2b939000, 0x0000027c2baa5800, 0x0000027c2c058000, 0x0000027c2d0c5000,
0x0000027c2ee96800, 0x0000027c2d9a3800, 0x0000027c2d9a2000, 0x0000027c2d9a4800,
0x0000027c2d9a1000, 0x0000027c2d9a6000, 0x0000027c2d9a5000, 0x0000027c2f7a8000,
0x0000027c2f7a2000, 0x0000027c32ee1800, 0x0000027c32ee2800, 0x0000027c32edc000,
0x0000027c32ed6800, 0x0000027c32edd000, 0x0000027c32eda800, 0x0000027c32ed7000,
0x0000027c32ed9800, 0x0000027c32ee5000, 0x0000027c32ee3800, 0x0000027c32ee1000,
0x0000027c32fad000, 0x0000027c32fa8000, 0x0000027c32faa800, 0x0000027c32fab000,
0x0000027c32fa7000, 0x0000027c32fac000, 0x0000027c32fa8800, 0x0000027c32fb0000,
0x0000027c32fad800, 0x0000027c32fae800, 0x0000027c32fb5000, 0x0000027c32fb6000,
0x0000027c32fb1800, 0x0000027c2f7a4800, 0x0000027c2f7a7000, 0x0000027c2f7a5800,
0x0000027c2f7a8800, 0x0000027c2f7a3000, 0x0000027c2f7a9800, 0x0000027c2f7a3800,
0x0000027c2f7ac000, 0x0000027c2f7ac800, 0x0000027c2f7b0000, 0x0000027c2f7ad800,
0x0000027c2f7ae800, 0x0000027c2f7af000, 0x0000027c2f7b1000, 0x0000027c2f7ab000,
0x0000027c32ed8000, 0x0000027c32ed8800, 0x0000027c32ee0000, 0x0000027c32ee4000,
0x0000027c2d9a3000, 0x0000027c2d9a0800, 0x0000027c2d9a7000, 0x0000027c3484c000,
0x0000027c3484b000, 0x0000027c34846000, 0x0000027c34849800, 0x0000027c3484a000,
0x0000027c3484c800, 0x0000027c34847000, 0x0000027c3484d800, 0x0000027c34847800,
0x0000027c3484e800, 0x0000027c34848800, 0x0000027c34852800, 0x0000027c34850000,
0x0000027c34850800, 0x0000027c34851800, 0x0000027c34853000, 0x0000027c3484f000,
0x0000027c34854000, 0x0000027c34855000, 0x0000027c2c98d000, 0x0000027c2c990800,
0x0000027c2c991000, 0x0000027c2c992000, 0x0000027c2c98c000, 0x0000027c2c98e000,
0x0000027c2c992800, 0x0000027c2c993800, 0x0000027c2c994800, 0x0000027c2c98e800,
0x0000027c2c995000, 0x0000027c2c98f800, 0x0000027c2c99b000, 0x0000027c2c99a000,
0x0000027c2c996000, 0x0000027c2c997000, 0x0000027c2c997800, 0x0000027c2c998800,
0x0000027c2c999000, 0x0000027c348a1000, 0x0000027c348a3800, 0x0000027c3489f800,
0x0000027c348a2000, 0x0000027c348a0000, 0x0000027c348a2800, 0x0000027c3489e800,
0x0000027c3489e000, 0x0000027c348a6000, 0x0000027c348a8800, 0x0000027c348a5000,
0x0000027c348aa000, 0x0000027c348a4800, 0x0000027c348a9000, 0x0000027c348ab000,
0x0000027c348ab800, 0x0000027c348a6800, 0x0000027c348ac800, 0x0000027c348a7800,
0x0000027c32b7d000, 0x0000027c2f7e3800, 0x0000027c32b87800, 0x0000027c32b86800,
0x0000027c32b88000, 0x0000027c32b89800, 0x0000027c32b85000, 0x0000027c32b85800,
0x0000027c32b8b800, 0x0000027c32b8c000, 0x0000027c32b8e800, 0x0000027c32b8f800
}

Java Threads: ( => current thread )
  0x0000027c10ba9000 JavaThread "main" [_thread_blocked, id=10524, stack(0x0000008b7ba00000,0x0000008b7bb00000)]
  0x0000027c2b8c4000 JavaThread "Reference Handler" daemon [_thread_blocked, id=19088, stack(0x0000008b7c100000,0x0000008b7c200000)]
  0x0000027c2b8d1800 JavaThread "Finalizer" daemon [_thread_blocked, id=16124, stack(0x0000008b7c200000,0x0000008b7c300000)]
  0x0000027c2b92d000 JavaThread "Signal Dispatcher" daemon [_thread_blocked, id=18720, stack(0x0000008b7c300000,0x0000008b7c400000)]
  0x0000027c2b930000 JavaThread "Attach Listener" daemon [_thread_blocked, id=14680, stack(0x0000008b7c400000,0x0000008b7c500000)]
  0x0000027c2b931000 JavaThread "Service Thread" daemon [_thread_blocked, id=18820, stack(0x0000008b7c500000,0x0000008b7c600000)]
  0x0000027c2b932800 JavaThread "C2 CompilerThread0" daemon [_thread_in_native, id=19312, stack(0x0000008b7c600000,0x0000008b7c700000)]
  0x0000027c2b935800 JavaThread "C1 CompilerThread0" daemon [_thread_blocked, id=1448, stack(0x0000008b7c700000,0x0000008b7c800000)]
  0x0000027c2b939000 JavaThread "Sweeper thread" daemon [_thread_blocked, id=11584, stack(0x0000008b7c800000,0x0000008b7c900000)]
  0x0000027c2baa5800 JavaThread "Common-Cleaner" daemon [_thread_blocked, id=9524, stack(0x0000008b7c900000,0x0000008b7ca00000)]
  0x0000027c2c058000 JavaThread "Daemon health stats" [_thread_blocked, id=15440, stack(0x0000008b7d200000,0x0000008b7d300000)]
  0x0000027c2d0c5000 JavaThread "Incoming local TCP Connector on port 54179" [_thread_in_native, id=17912, stack(0x0000008b7d300000,0x0000008b7d400000)]
  0x0000027c2ee96800 JavaThread "Daemon periodic checks" [_thread_blocked, id=3160, stack(0x0000008b7d400000,0x0000008b7d500000)]
  0x0000027c2d9a3800 JavaThread "Cache worker for journal cache (C:\User\pr110morshel\.gradle\caches\journal-1)" [_thread_blocked, id=3620, stack(0x0000008b7dc00000,0x0000008b7dd00000)]
  0x0000027c2d9a2000 JavaThread "File lock request listener" [_thread_in_native, id=5344, stack(0x0000008b7dd00000,0x0000008b7de00000)]
  0x0000027c2d9a4800 JavaThread "Cache worker for file hash cache (C:\User\pr110morshel\.gradle\caches\7.5\fileHashes)" [_thread_blocked, id=2468, stack(0x0000008b7e100000,0x0000008b7e200000)]
  0x0000027c2d9a1000 JavaThread "Cache worker for file content cache (C:\User\pr110morshel\.gradle\caches\7.5\fileContent)" [_thread_blocked, id=19000, stack(0x0000008b7e300000,0x0000008b7e400000)]
  0x0000027c2d9a6000 JavaThread "File watcher server" daemon [_thread_in_native, id=13300, stack(0x0000008b7e500000,0x0000008b7e600000)]
  0x0000027c2d9a5000 JavaThread "File watcher consumer" daemon [_thread_blocked, id=15764, stack(0x0000008b7e600000,0x0000008b7e700000)]
  0x0000027c2f7a8000 JavaThread "Cache worker for execution history cache (C:\User\pr110morshel\.gradle\caches\7.5\executionHistory)" [_thread_blocked, id=14292, stack(0x0000008b7e900000,0x0000008b7ea00000)]
  0x0000027c2f7a2000 JavaThread "Memory manager" [_thread_blocked, id=32, stack(0x0000008b7eb00000,0x0000008b7ec00000)]
  0x0000027c32ee1800 JavaThread "Cache worker for Java compile cache (C:\User\pr110morshel\.gradle\caches\7.5\javaCompile)" [_thread_blocked, id=14632, stack(0x0000008b04800000,0x0000008b04900000)]
  0x0000027c32ee2800 JavaThread "ForkJoinPool.commonPool-worker-9" daemon [_thread_blocked, id=19472, stack(0x0000008b02c00000,0x0000008b02d00000)]
  0x0000027c32edc000 JavaThread "Daemon Thread 8" [_thread_blocked, id=16808, stack(0x0000008b00000000,0x0000008b00100000)]
  0x0000027c32ed6800 JavaThread "Handler for socket connection from /127.0.0.1:54179 to /127.0.0.1:52416" [_thread_in_native, id=17168, stack(0x0000008b00200000,0x0000008b00300000)]
  0x0000027c32edd000 JavaThread "Cancel handler" [_thread_blocked, id=19520, stack(0x0000008b00300000,0x0000008b00400000)]
  0x0000027c32eda800 JavaThread "Daemon worker Thread 8" [_thread_in_Java, id=2512, stack(0x0000008b00400000,0x0000008b00500000)]
  0x0000027c32ed7000 JavaThread "Asynchronous log dispatcher for DefaultDaemonConnection: socket connection from /127.0.0.1:54179 to /127.0.0.1:52416" [_thread_blocked, id=4016, stack(0x0000008b00500000,0x0000008b00600000)]
  0x0000027c32ed9800 JavaThread "Daemon client event forwarder" [_thread_blocked, id=8772, stack(0x0000008b00700000,0x0000008b00800000)]
  0x0000027c32ee5000 JavaThread "jar transforms" [_thread_blocked, id=12888, stack(0x0000008b00800000,0x0000008b00900000)]
  0x0000027c32ee3800 JavaThread "jar transforms Thread 2" [_thread_blocked, id=11492, stack(0x0000008b00900000,0x0000008b00a00000)]
  0x0000027c32ee1000 JavaThread "jar transforms Thread 3" [_thread_blocked, id=16924, stack(0x0000008b00a00000,0x0000008b00b00000)]
  0x0000027c32fad000 JavaThread "jar transforms Thread 4" [_thread_blocked, id=19924, stack(0x0000008b00b00000,0x0000008b00c00000)]
  0x0000027c32fa8000 JavaThread "jar transforms Thread 5" [_thread_blocked, id=13260, stack(0x0000008b00c00000,0x0000008b00d00000)]
  0x0000027c32faa800 JavaThread "jar transforms Thread 6" [_thread_blocked, id=20096, stack(0x0000008b00d00000,0x0000008b00e00000)]
  0x0000027c32fab000 JavaThread "jar transforms Thread 7" [_thread_blocked, id=16736, stack(0x0000008b00e00000,0x0000008b00f00000)]
  0x0000027c32fa7000 JavaThread "jar transforms Thread 8" [_thread_blocked, id=9964, stack(0x0000008b00f00000,0x0000008b01000000)]
  0x0000027c32fac000 JavaThread "Cache worker for checksums cache (C:\User\pr110morshel\Desktop\SmartLab\.gradle\7.5\checksums)" [_thread_blocked, id=20228, stack(0x0000008b01000000,0x0000008b01100000)]
  0x0000027c32fa8800 JavaThread "Cache worker for cache directory md-rule (C:\User\pr110morshel\.gradle\caches\7.5\md-rule)" [_thread_blocked, id=2396, stack(0x0000008b01100000,0x0000008b01200000)]
  0x0000027c32fb0000 JavaThread "Cache worker for file hash cache (C:\User\pr110morshel\Desktop\SmartLab\.gradle\7.5\fileHashes)" [_thread_blocked, id=14996, stack(0x0000008b01200000,0x0000008b01300000)]
  0x0000027c32fad800 JavaThread "Cache worker for cache directory md-supplier (C:\User\pr110morshel\.gradle\caches\7.5\md-supplier)" [_thread_blocked, id=2672, stack(0x0000008b01300000,0x0000008b01400000)]
  0x0000027c32fae800 JavaThread "Cache worker for dependencies-accessors (C:\User\pr110morshel\Desktop\SmartLab\.gradle\7.5\dependencies-accessors)" [_thread_blocked, id=11096, stack(0x0000008b01600000,0x0000008b01700000)]
  0x0000027c32fb5000 JavaThread "Cache worker for Build Output Cleanup Cache (C:\User\pr110morshel\Desktop\SmartLab\.gradle\buildOutputCleanup)" [_thread_blocked, id=19124, stack(0x0000008b01700000,0x0000008b01800000)]
  0x0000027c32fb6000 JavaThread "Unconstrained build operations" [_thread_blocked, id=19928, stack(0x0000008b01900000,0x0000008b01a00000)]
  0x0000027c32fb1800 JavaThread "Unconstrained build operations Thread 2" [_thread_blocked, id=1424, stack(0x0000008b01a00000,0x0000008b01b00000)]
  0x0000027c2f7a4800 JavaThread "Unconstrained build operations Thread 3" [_thread_blocked, id=14584, stack(0x0000008b01b00000,0x0000008b01c00000)]
  0x0000027c2f7a7000 JavaThread "Unconstrained build operations Thread 4" [_thread_blocked, id=16836, stack(0x0000008b01c00000,0x0000008b01d00000)]
  0x0000027c2f7a5800 JavaThread "Unconstrained build operations Thread 5" [_thread_blocked, id=10112, stack(0x0000008b01d00000,0x0000008b01e00000)]
  0x0000027c2f7a8800 JavaThread "Unconstrained build operations Thread 6" [_thread_blocked, id=16212, stack(0x0000008b01e00000,0x0000008b01f00000)]
  0x0000027c2f7a3000 JavaThread "Unconstrained build operations Thread 7" [_thread_blocked, id=9980, stack(0x0000008b01f00000,0x0000008b02000000)]
  0x0000027c2f7a9800 JavaThread "Unconstrained build operations Thread 8" [_thread_blocked, id=19848, stack(0x0000008b02000000,0x0000008b02100000)]
  0x0000027c2f7a3800 JavaThread "Unconstrained build operations Thread 9" [_thread_blocked, id=19176, stack(0x0000008b02100000,0x0000008b02200000)]
  0x0000027c2f7ac000 JavaThread "Unconstrained build operations Thread 10" [_thread_blocked, id=5360, stack(0x0000008b02200000,0x0000008b02300000)]
  0x0000027c2f7ac800 JavaThread "Unconstrained build operations Thread 11" [_thread_blocked, id=3820, stack(0x0000008b02300000,0x0000008b02400000)]
  0x0000027c2f7b0000 JavaThread "Unconstrained build operations Thread 12" [_thread_blocked, id=7024, stack(0x0000008b02400000,0x0000008b02500000)]
  0x0000027c2f7ad800 JavaThread "Unconstrained build operations Thread 13" [_thread_blocked, id=17460, stack(0x0000008b02500000,0x0000008b02600000)]
  0x0000027c2f7ae800 JavaThread "Unconstrained build operations Thread 14" [_thread_blocked, id=18896, stack(0x0000008b02600000,0x0000008b02700000)]
  0x0000027c2f7af000 JavaThread "Unconstrained build operations Thread 15" [_thread_blocked, id=13344, stack(0x0000008b02700000,0x0000008b02800000)]
  0x0000027c2f7b1000 JavaThread "Unconstrained build operations Thread 16" [_thread_blocked, id=9184, stack(0x0000008b02800000,0x0000008b02900000)]
  0x0000027c2f7ab000 JavaThread "Unconstrained build operations Thread 17" [_thread_blocked, id=18048, stack(0x0000008b02900000,0x0000008b02a00000)]
  0x0000027c32ed8000 JavaThread "Unconstrained build operations Thread 18" [_thread_blocked, id=5976, stack(0x0000008b02a00000,0x0000008b02b00000)]
  0x0000027c32ed8800 JavaThread "Unconstrained build operations Thread 19" [_thread_blocked, id=15752, stack(0x0000008b02b00000,0x0000008b02c00000)]
  0x0000027c32ee0000 JavaThread "Unconstrained build operations Thread 20" [_thread_blocked, id=19676, stack(0x0000008b02d00000,0x0000008b02e00000)]
  0x0000027c32ee4000 JavaThread "Unconstrained build operations Thread 21" [_thread_blocked, id=736, stack(0x0000008b02e00000,0x0000008b02f00000)]
  0x0000027c2d9a3000 JavaThread "Unconstrained build operations Thread 22" [_thread_blocked, id=18544, stack(0x0000008b02f00000,0x0000008b03000000)]
  0x0000027c2d9a0800 JavaThread "Unconstrained build operations Thread 23" [_thread_blocked, id=14268, stack(0x0000008b03000000,0x0000008b03100000)]
  0x0000027c2d9a7000 JavaThread "Unconstrained build operations Thread 24" [_thread_blocked, id=18588, stack(0x0000008b03100000,0x0000008b03200000)]
  0x0000027c3484c000 JavaThread "Unconstrained build operations Thread 25" [_thread_blocked, id=15144, stack(0x0000008b03200000,0x0000008b03300000)]
  0x0000027c3484b000 JavaThread "Unconstrained build operations Thread 26" [_thread_blocked, id=15136, stack(0x0000008b03300000,0x0000008b03400000)]
  0x0000027c34846000 JavaThread "Unconstrained build operations Thread 27" [_thread_blocked, id=12136, stack(0x0000008b03400000,0x0000008b03500000)]
  0x0000027c34849800 JavaThread "Unconstrained build operations Thread 28" [_thread_blocked, id=18604, stack(0x0000008b03500000,0x0000008b03600000)]
  0x0000027c3484a000 JavaThread "Unconstrained build operations Thread 29" [_thread_blocked, id=19412, stack(0x0000008b03600000,0x0000008b03700000)]
  0x0000027c3484c800 JavaThread "Unconstrained build operations Thread 30" [_thread_blocked, id=17920, stack(0x0000008b03700000,0x0000008b03800000)]
  0x0000027c34847000 JavaThread "Unconstrained build operations Thread 31" [_thread_blocked, id=16372, stack(0x0000008b03800000,0x0000008b03900000)]
  0x0000027c3484d800 JavaThread "Unconstrained build operations Thread 32" [_thread_blocked, id=16776, stack(0x0000008b03900000,0x0000008b03a00000)]
  0x0000027c34847800 JavaThread "Unconstrained build operations Thread 33" [_thread_blocked, id=19040, stack(0x0000008b03a00000,0x0000008b03b00000)]
  0x0000027c3484e800 JavaThread "Unconstrained build operations Thread 34" [_thread_blocked, id=18716, stack(0x0000008b03b00000,0x0000008b03c00000)]
  0x0000027c34848800 JavaThread "Unconstrained build operations Thread 35" [_thread_blocked, id=18584, stack(0x0000008b03c00000,0x0000008b03d00000)]
  0x0000027c34852800 JavaThread "Unconstrained build operations Thread 36" [_thread_blocked, id=18472, stack(0x0000008b03d00000,0x0000008b03e00000)]
  0x0000027c34850000 JavaThread "Unconstrained build operations Thread 37" [_thread_blocked, id=19968, stack(0x0000008b03e00000,0x0000008b03f00000)]
  0x0000027c34850800 JavaThread "Unconstrained build operations Thread 38" [_thread_blocked, id=8604, stack(0x0000008b03f00000,0x0000008b04000000)]
  0x0000027c34851800 JavaThread "Unconstrained build operations Thread 39" [_thread_blocked, id=12608, stack(0x0000008b04000000,0x0000008b04100000)]
  0x0000027c34853000 JavaThread "Unconstrained build operations Thread 40" [_thread_blocked, id=15436, stack(0x0000008b04100000,0x0000008b04200000)]
  0x0000027c3484f000 JavaThread "Unconstrained build operations Thread 41" [_thread_blocked, id=19096, stack(0x0000008b04200000,0x0000008b04300000)]
  0x0000027c34854000 JavaThread "Unconstrained build operations Thread 42" [_thread_blocked, id=14904, stack(0x0000008b04300000,0x0000008b04400000)]
  0x0000027c34855000 JavaThread "Unconstrained build operations Thread 43" [_thread_blocked, id=16604, stack(0x0000008b04400000,0x0000008b04500000)]
  0x0000027c2c98d000 JavaThread "Unconstrained build operations Thread 44" [_thread_blocked, id=11248, stack(0x0000008b04500000,0x0000008b04600000)]
  0x0000027c2c990800 JavaThread "Unconstrained build operations Thread 45" [_thread_blocked, id=18908, stack(0x0000008b04600000,0x0000008b04700000)]
  0x0000027c2c991000 JavaThread "Unconstrained build operations Thread 46" [_thread_blocked, id=7160, stack(0x0000008b04700000,0x0000008b04800000)]
  0x0000027c2c992000 JavaThread "Unconstrained build operations Thread 47" [_thread_blocked, id=17476, stack(0x0000008b04900000,0x0000008b04a00000)]
  0x0000027c2c98c000 JavaThread "Unconstrained build operations Thread 48" [_thread_blocked, id=9740, stack(0x0000008b04a00000,0x0000008b04b00000)]
  0x0000027c2c98e000 JavaThread "Unconstrained build operations Thread 49" [_thread_blocked, id=5920, stack(0x0000008b04b00000,0x0000008b04c00000)]
  0x0000027c2c992800 JavaThread "Unconstrained build operations Thread 50" [_thread_blocked, id=19768, stack(0x0000008b04c00000,0x0000008b04d00000)]
  0x0000027c2c993800 JavaThread "Unconstrained build operations Thread 51" [_thread_blocked, id=5208, stack(0x0000008b04d00000,0x0000008b04e00000)]
  0x0000027c2c994800 JavaThread "Unconstrained build operations Thread 52" [_thread_blocked, id=18548, stack(0x0000008b04e00000,0x0000008b04f00000)]
  0x0000027c2c98e800 JavaThread "Unconstrained build operations Thread 53" [_thread_blocked, id=8540, stack(0x0000008b04f00000,0x0000008b05000000)]
  0x0000027c2c995000 JavaThread "Unconstrained build operations Thread 54" [_thread_blocked, id=12896, stack(0x0000008b05000000,0x0000008b05100000)]
  0x0000027c2c98f800 JavaThread "Unconstrained build operations Thread 55" [_thread_blocked, id=9176, stack(0x0000008b05100000,0x0000008b05200000)]
  0x0000027c2c99b000 JavaThread "Unconstrained build operations Thread 56" [_thread_blocked, id=9504, stack(0x0000008b05200000,0x0000008b05300000)]
  0x0000027c2c99a000 JavaThread "Unconstrained build operations Thread 57" [_thread_blocked, id=10968, stack(0x0000008b05300000,0x0000008b05400000)]
  0x0000027c2c996000 JavaThread "Unconstrained build operations Thread 58" [_thread_blocked, id=12980, stack(0x0000008b05400000,0x0000008b05500000)]
  0x0000027c2c997000 JavaThread "Unconstrained build operations Thread 59" [_thread_blocked, id=20188, stack(0x0000008b05500000,0x0000008b05600000)]
  0x0000027c2c997800 JavaThread "Unconstrained build operations Thread 60" [_thread_blocked, id=16024, stack(0x0000008b05600000,0x0000008b05700000)]
  0x0000027c2c998800 JavaThread "Unconstrained build operations Thread 61" [_thread_blocked, id=15384, stack(0x0000008b05700000,0x0000008b05800000)]
  0x0000027c2c999000 JavaThread "Unconstrained build operations Thread 62" [_thread_blocked, id=17360, stack(0x0000008b05800000,0x0000008b05900000)]
  0x0000027c348a1000 JavaThread "Unconstrained build operations Thread 63" [_thread_blocked, id=14952, stack(0x0000008b05900000,0x0000008b05a00000)]
  0x0000027c348a3800 JavaThread "Unconstrained build operations Thread 64" [_thread_blocked, id=18564, stack(0x0000008b05a00000,0x0000008b05b00000)]
  0x0000027c3489f800 JavaThread "Unconstrained build operations Thread 65" [_thread_blocked, id=9092, stack(0x0000008b05b00000,0x0000008b05c00000)]
  0x0000027c348a2000 JavaThread "Unconstrained build operations Thread 66" [_thread_blocked, id=15620, stack(0x0000008b05c00000,0x0000008b05d00000)]
  0x0000027c348a0000 JavaThread "Unconstrained build operations Thread 67" [_thread_blocked, id=19004, stack(0x0000008b05d00000,0x0000008b05e00000)]
  0x0000027c348a2800 JavaThread "Unconstrained build operations Thread 68" [_thread_blocked, id=13208, stack(0x0000008b05e00000,0x0000008b05f00000)]
  0x0000027c3489e800 JavaThread "Unconstrained build operations Thread 69" [_thread_blocked, id=19948, stack(0x0000008b05f00000,0x0000008b06000000)]
  0x0000027c3489e000 JavaThread "Unconstrained build operations Thread 70" [_thread_blocked, id=12448, stack(0x0000008b06000000,0x0000008b06100000)]
  0x0000027c348a6000 JavaThread "Unconstrained build operations Thread 71" [_thread_blocked, id=17084, stack(0x0000008b06100000,0x0000008b06200000)]
  0x0000027c348a8800 JavaThread "Unconstrained build operations Thread 72" [_thread_blocked, id=5496, stack(0x0000008b06200000,0x0000008b06300000)]
  0x0000027c348a5000 JavaThread "Unconstrained build operations Thread 73" [_thread_blocked, id=1616, stack(0x0000008b06300000,0x0000008b06400000)]
  0x0000027c348aa000 JavaThread "Unconstrained build operations Thread 74" [_thread_blocked, id=18384, stack(0x0000008b06400000,0x0000008b06500000)]
  0x0000027c348a4800 JavaThread "Unconstrained build operations Thread 75" [_thread_blocked, id=10752, stack(0x0000008b06500000,0x0000008b06600000)]
  0x0000027c348a9000 JavaThread "Unconstrained build operations Thread 76" [_thread_blocked, id=18288, stack(0x0000008b06600000,0x0000008b06700000)]
  0x0000027c348ab000 JavaThread "Unconstrained build operations Thread 77" [_thread_blocked, id=19104, stack(0x0000008b06700000,0x0000008b06800000)]
  0x0000027c348ab800 JavaThread "Unconstrained build operations Thread 78" [_thread_blocked, id=17724, stack(0x0000008b06800000,0x0000008b06900000)]
  0x0000027c348a6800 JavaThread "Unconstrained build operations Thread 79" [_thread_blocked, id=11056, stack(0x0000008b06900000,0x0000008b06a00000)]
  0x0000027c348ac800 JavaThread "Unconstrained build operations Thread 80" [_thread_blocked, id=5112, stack(0x0000008b06a00000,0x0000008b06b00000)]
  0x0000027c348a7800 JavaThread "File lock release action executor Thread 3" [_thread_blocked, id=16352, stack(0x0000008b06c00000,0x0000008b06d00000)]
  0x0000027c32b7d000 JavaThread "C2 CompilerThread1" daemon [_thread_blocked, id=20036, stack(0x0000008b01500000,0x0000008b01600000)]
=>0x0000027c2f7e3800 JavaThread "C2 CompilerThread2" daemon [_thread_in_native, id=19704, stack(0x0000008b06b00000,0x0000008b06c00000)]
  0x0000027c32b87800 JavaThread "included builds" [_thread_blocked, id=15664, stack(0x0000008b06d00000,0x0000008b06e00000)]
  0x0000027c32b86800 JavaThread "Execution worker" [_thread_blocked, id=6092, stack(0x0000008b06e00000,0x0000008b06f00000)]
  0x0000027c32b88000 JavaThread "Execution worker Thread 2" [_thread_blocked, id=17052, stack(0x0000008b06f00000,0x0000008b07000000)]
  0x0000027c32b89800 JavaThread "Execution worker Thread 3" [_thread_blocked, id=20300, stack(0x0000008b07000000,0x0000008b07100000)]
  0x0000027c32b85000 JavaThread "Execution worker Thread 4" [_thread_blocked, id=17960, stack(0x0000008b07100000,0x0000008b07200000)]
  0x0000027c32b85800 JavaThread "Execution worker Thread 5" [_thread_blocked, id=7076, stack(0x0000008b07200000,0x0000008b07300000)]
  0x0000027c32b8b800 JavaThread "Execution worker Thread 6" [_thread_blocked, id=14884, stack(0x0000008b07300000,0x0000008b07400000)]
  0x0000027c32b8c000 JavaThread "Execution worker Thread 7" [_thread_blocked, id=3672, stack(0x0000008b07400000,0x0000008b07500000)]
  0x0000027c32b8e800 JavaThread "Cache worker for execution history cache (C:\User\pr110morshel\Desktop\SmartLab\.gradle\7.5\executionHistory)" [_thread_blocked, id=13804, stack(0x0000008b07500000,0x0000008b07600000)]
  0x0000027c32b8f800 JavaThread "idea-tooling-model-converter" [_thread_blocked, id=16584, stack(0x0000008b07600000,0x0000008b07700000)]

Other Threads:
  0x0000027c2b8c2000 VMThread "VM Thread" [stack: 0x0000008b7c000000,0x0000008b7c100000] [id=19980]
  0x0000027c2babb000 WatcherThread [stack: 0x0000008b7ca00000,0x0000008b7cb00000] [id=14576]
  0x0000027c10bc2000 GCTaskThread "GC Thread#0" [stack: 0x0000008b7bb00000,0x0000008b7bc00000] [id=16292]
  0x0000027c2c71b000 GCTaskThread "GC Thread#1" [stack: 0x0000008b7cd00000,0x0000008b7ce00000] [id=18536]
  0x0000027c2c7d2000 GCTaskThread "GC Thread#2" [stack: 0x0000008b7ce00000,0x0000008b7cf00000] [id=18556]
  0x0000027c2c971000 GCTaskThread "GC Thread#3" [stack: 0x0000008b7cf00000,0x0000008b7d000000] [id=5552]
  0x0000027c2c475000 GCTaskThread "GC Thread#4" [stack: 0x0000008b7d000000,0x0000008b7d100000] [id=16172]
  0x0000027c2cc9a800 GCTaskThread "GC Thread#5" [stack: 0x0000008b7d100000,0x0000008b7d200000] [id=6120]
  0x0000027c2e9be000 GCTaskThread "GC Thread#6" [stack: 0x0000008b7de00000,0x0000008b7df00000] [id=18512]
  0x0000027c2e113800 GCTaskThread "GC Thread#7" [stack: 0x0000008b7df00000,0x0000008b7e000000] [id=18532]
  0x0000027c10bf4800 ConcurrentGCThread "G1 Main Marker" [stack: 0x0000008b7bc00000,0x0000008b7bd00000] [id=15420]
  0x0000027c10bf6000 ConcurrentGCThread "G1 Conc#0" [stack: 0x0000008b7bd00000,0x0000008b7be00000] [id=15744]
  0x0000027c2c717800 ConcurrentGCThread "G1 Conc#1" [stack: 0x0000008b7e000000,0x0000008b7e100000] [id=8976]
  0x0000027c10c6e800 ConcurrentGCThread "G1 Refine#0" [stack: 0x0000008b7be00000,0x0000008b7bf00000] [id=15192]
  0x0000027c3680a800 ConcurrentGCThread "G1 Refine#1" [stack: 0x0000008b00100000,0x0000008b00200000] [id=20308]
  0x0000027c2af0f000 ConcurrentGCThread "G1 Young RemSet Sampling" [stack: 0x0000008b7bf00000,0x0000008b7c000000] [id=4044]

Threads with active compile tasks:
C2 CompilerThread2  2395571 24435       4       org.objectweb.asm.ClassReader::readCode (5109 bytes)

VM state:not at safepoint (normal execution)

VM Mutex/Monitor currently owned by a thread: None

Heap address: 0x0000000080000000, size: 2048 MB, Compressed Oops mode: 32-bit
Narrow klass base: 0x0000000000000000, Narrow klass shift: 3
Compressed class space size: 1073741824 Address: 0x0000000100000000

Heap:
 garbage-first heap   total 274432K, used 199355K [0x0000000080000000, 0x0000000100000000)
  region size 1024K, 7 young (7168K), 1 survivors (1024K)
 Metaspace       used 146723K, capacity 151177K, committed 152196K, reserved 1181696K
  class space    used 18390K, capacity 19976K, committed 20480K, reserved 1048576K
Heap Regions: E=young(eden), S=young(survivor), O=old, HS=humongous(starts), HC=humongous(continues), CS=collection set, F=free, A=archive, TAMS=top-at-mark-start (previous, next)
|   0|0x0000000080000000, 0x0000000080100000, 0x0000000080100000|100%| O|  |TAMS 0x0000000080100000, 0x0000000080000000| Untracked 
|   1|0x0000000080100000, 0x0000000080200000, 0x0000000080200000|100%| O|  |TAMS 0x0000000080200000, 0x0000000080100000| Untracked 
|   2|0x0000000080200000, 0x0000000080300000, 0x0000000080300000|100%| O|  |TAMS 0x0000000080300000, 0x0000000080200000| Untracked 
|   3|0x0000000080300000, 0x0000000080400000, 0x0000000080400000|100%|HS|  |TAMS 0x0000000080400000, 0x0000000080300000| Complete 
|   4|0x0000000080400000, 0x0000000080500000, 0x0000000080500000|100%|HC|  |TAMS 0x0000000080500000, 0x0000000080400000| Complete 
|   5|0x0000000080500000, 0x0000000080600000, 0x0000000080600000|100%|HC|  |TAMS 0x0000000080600000, 0x0000000080500000| Complete 
|   6|0x0000000080600000, 0x0000000080700000, 0x0000000080700000|100%| O|  |TAMS 0x0000000080700000, 0x0000000080600000| Untracked 
|   7|0x0000000080700000, 0x0000000080800000, 0x0000000080800000|100%| O|  |TAMS 0x0000000080800000, 0x0000000080700000| Untracked 
|   8|0x0000000080800000, 0x0000000080900000, 0x0000000080900000|100%| O|  |TAMS 0x0000000080900000, 0x0000000080800000| Untracked 
|   9|0x0000000080900000, 0x0000000080a00000, 0x0000000080a00000|100%| O|  |TAMS 0x0000000080a00000, 0x0000000080900000| Untracked 
|  10|0x0000000080a00000, 0x0000000080b00000, 0x0000000080b00000|100%| O|  |TAMS 0x0000000080b00000, 0x0000000080a00000| Untracked 
|  11|0x0000000080b00000, 0x0000000080c00000, 0x0000000080c00000|100%| O|  |TAMS 0x0000000080c00000, 0x0000000080b00000| Untracked 
|  12|0x0000000080c00000, 0x0000000080d00000, 0x0000000080d00000|100%| O|  |TAMS 0x0000000080d00000, 0x0000000080c00000| Untracked 
|  13|0x0000000080d00000, 0x0000000080e00000, 0x0000000080e00000|100%| O|  |TAMS 0x0000000080e00000, 0x0000000080d00000| Untracked 
|  14|0x0000000080e00000, 0x0000000080f00000, 0x0000000080f00000|100%| O|  |TAMS 0x0000000080f00000, 0x0000000080e00000| Untracked 
|  15|0x0000000080f00000, 0x0000000081000000, 0x0000000081000000|100%| O|  |TAMS 0x0000000081000000, 0x0000000080f00000| Untracked 
|  16|0x0000000081000000, 0x0000000081100000, 0x0000000081100000|100%| O|  |TAMS 0x0000000081100000, 0x0000000081000000| Untracked 
|  17|0x0000000081100000, 0x0000000081200000, 0x0000000081200000|100%|HS|  |TAMS 0x0000000081200000, 0x0000000081100000| Complete 
|  18|0x0000000081200000, 0x0000000081300000, 0x0000000081300000|100%|HS|  |TAMS 0x0000000081300000, 0x0000000081200000| Complete 
|  19|0x0000000081300000, 0x0000000081400000, 0x0000000081400000|100%| O|  |TAMS 0x0000000081400000, 0x0000000081300000| Untracked 
|  20|0x0000000081400000, 0x0000000081500000, 0x0000000081500000|100%| O|  |TAMS 0x0000000081500000, 0x0000000081400000| Untracked 
|  21|0x0000000081500000, 0x0000000081600000, 0x0000000081600000|100%| O|  |TAMS 0x0000000081600000, 0x0000000081500000| Untracked 
|  22|0x0000000081600000, 0x0000000081700000, 0x0000000081700000|100%| O|  |TAMS 0x0000000081700000, 0x0000000081600000| Untracked 
|  23|0x0000000081700000, 0x0000000081800000, 0x0000000081800000|100%| O|  |TAMS 0x0000000081800000, 0x0000000081700000| Untracked 
|  24|0x0000000081800000, 0x0000000081900000, 0x0000000081900000|100%| O|  |TAMS 0x0000000081900000, 0x0000000081800000| Untracked 
|  25|0x0000000081900000, 0x0000000081a00000, 0x0000000081a00000|100%| O|  |TAMS 0x0000000081a00000, 0x0000000081900000| Untracked 
|  26|0x0000000081a00000, 0x0000000081b00000, 0x0000000081b00000|100%| O|  |TAMS 0x0000000081b00000, 0x0000000081a00000| Untracked 
|  27|0x0000000081b00000, 0x0000000081c00000, 0x0000000081c00000|100%| O|  |TAMS 0x0000000081c00000, 0x0000000081b00000| Untracked 
|  28|0x0000000081c00000, 0x0000000081d00000, 0x0000000081d00000|100%| O|  |TAMS 0x0000000081d00000, 0x0000000081c00000| Untracked 
|  29|0x0000000081d00000, 0x0000000081e00000, 0x0000000081e00000|100%| O|  |TAMS 0x0000000081e00000, 0x0000000081d00000| Untracked 
|  30|0x0000000081e00000, 0x0000000081f00000, 0x0000000081f00000|100%| O|  |TAMS 0x0000000081f00000, 0x0000000081e00000| Untracked 
|  31|0x0000000081f00000, 0x0000000082000000, 0x0000000082000000|100%| O|  |TAMS 0x0000000082000000, 0x0000000081f00000| Untracked 
|  32|0x0000000082000000, 0x0000000082100000, 0x0000000082100000|100%| O|  |TAMS 0x0000000082100000, 0x0000000082000000| Untracked 
|  33|0x0000000082100000, 0x0000000082200000, 0x0000000082200000|100%| O|  |TAMS 0x0000000082200000, 0x0000000082100000| Untracked 
|  34|0x0000000082200000, 0x0000000082300000, 0x0000000082300000|100%| O|  |TAMS 0x0000000082300000, 0x0000000082200000| Untracked 
|  35|0x0000000082300000, 0x0000000082400000, 0x0000000082400000|100%| O|  |TAMS 0x0000000082400000, 0x0000000082300000| Untracked 
|  36|0x0000000082400000, 0x0000000082500000, 0x0000000082500000|100%| O|  |TAMS 0x0000000082500000, 0x0000000082400000| Untracked 
|  37|0x0000000082500000, 0x0000000082600000, 0x0000000082600000|100%| O|  |TAMS 0x0000000082600000, 0x0000000082500000| Untracked 
|  38|0x0000000082600000, 0x0000000082700000, 0x0000000082700000|100%| O|  |TAMS 0x0000000082700000, 0x0000000082600000| Untracked 
|  39|0x0000000082700000, 0x0000000082800000, 0x0000000082800000|100%| O|  |TAMS 0x0000000082800000, 0x0000000082700000| Untracked 
|  40|0x0000000082800000, 0x0000000082900000, 0x0000000082900000|100%| O|  |TAMS 0x0000000082900000, 0x0000000082800000| Untracked 
|  41|0x0000000082900000, 0x0000000082a00000, 0x0000000082a00000|100%| O|  |TAMS 0x0000000082a00000, 0x0000000082900000| Untracked 
|  42|0x0000000082a00000, 0x0000000082b00000, 0x0000000082b00000|100%| O|  |TAMS 0x0000000082b00000, 0x0000000082a00000| Untracked 
|  43|0x0000000082b00000, 0x0000000082c00000, 0x0000000082c00000|100%| O|  |TAMS 0x0000000082c00000, 0x0000000082b00000| Untracked 
|  44|0x0000000082c00000, 0x0000000082d00000, 0x0000000082d00000|100%|HS|  |TAMS 0x0000000082d00000, 0x0000000082c00000| Complete 
|  45|0x0000000082d00000, 0x0000000082e00000, 0x0000000082e00000|100%|HC|  |TAMS 0x0000000082e00000, 0x0000000082d00000| Complete 
|  46|0x0000000082e00000, 0x0000000082f00000, 0x0000000082f00000|100%| O|  |TAMS 0x0000000082f00000, 0x0000000082e00000| Untracked 
|  47|0x0000000082f00000, 0x0000000083000000, 0x0000000083000000|100%| O|  |TAMS 0x0000000083000000, 0x0000000082f00000| Untracked 
|  48|0x0000000083000000, 0x0000000083100000, 0x0000000083100000|100%| O|  |TAMS 0x0000000083100000, 0x0000000083000000| Untracked 
|  49|0x0000000083100000, 0x0000000083200000, 0x0000000083200000|100%| O|  |TAMS 0x0000000083200000, 0x0000000083100000| Untracked 
|  50|0x0000000083200000, 0x0000000083300000, 0x0000000083300000|100%| O|  |TAMS 0x0000000083300000, 0x0000000083200000| Untracked 
|  51|0x0000000083300000, 0x0000000083400000, 0x0000000083400000|100%| O|  |TAMS 0x0000000083400000, 0x0000000083300000| Untracked 
|  52|0x0000000083400000, 0x0000000083500000, 0x0000000083500000|100%| O|  |TAMS 0x0000000083500000, 0x0000000083400000| Untracked 
|  53|0x0000000083500000, 0x0000000083600000, 0x0000000083600000|100%| O|  |TAMS 0x0000000083600000, 0x0000000083500000| Untracked 
|  54|0x0000000083600000, 0x0000000083700000, 0x0000000083700000|100%| O|  |TAMS 0x0000000083700000, 0x0000000083600000| Untracked 
|  55|0x0000000083700000, 0x0000000083800000, 0x0000000083800000|100%| O|  |TAMS 0x0000000083800000, 0x0000000083700000| Untracked 
|  56|0x0000000083800000, 0x0000000083900000, 0x0000000083900000|100%| O|  |TAMS 0x0000000083900000, 0x0000000083800000| Untracked 
|  57|0x0000000083900000, 0x0000000083a00000, 0x0000000083a00000|100%| O|  |TAMS 0x0000000083a00000, 0x0000000083900000| Untracked 
|  58|0x0000000083a00000, 0x0000000083b00000, 0x0000000083b00000|100%| O|  |TAMS 0x0000000083b00000, 0x0000000083a00000| Untracked 
|  59|0x0000000083b00000, 0x0000000083c00000, 0x0000000083c00000|100%| O|  |TAMS 0x0000000083c00000, 0x0000000083b00000| Untracked 
|  60|0x0000000083c00000, 0x0000000083d00000, 0x0000000083d00000|100%| O|  |TAMS 0x0000000083d00000, 0x0000000083c00000| Untracked 
|  61|0x0000000083d00000, 0x0000000083e00000, 0x0000000083e00000|100%| O|  |TAMS 0x0000000083e00000, 0x0000000083d00000| Untracked 
|  62|0x0000000083e00000, 0x0000000083f00000, 0x0000000083f00000|100%| O|  |TAMS 0x0000000083f00000, 0x0000000083e00000| Untracked 
|  63|0x0000000083f00000, 0x0000000084000000, 0x0000000084000000|100%| O|  |TAMS 0x0000000084000000, 0x0000000083f00000| Untracked 
|  64|0x0000000084000000, 0x0000000084100000, 0x0000000084100000|100%| O|  |TAMS 0x0000000084100000, 0x0000000084000000| Untracked 
|  65|0x0000000084100000, 0x0000000084200000, 0x0000000084200000|100%| O|  |TAMS 0x0000000084200000, 0x0000000084100000| Untracked 
|  66|0x0000000084200000, 0x0000000084300000, 0x0000000084300000|100%| O|  |TAMS 0x0000000084300000, 0x0000000084200000| Untracked 
|  67|0x0000000084300000, 0x0000000084400000, 0x0000000084400000|100%| O|  |TAMS 0x0000000084400000, 0x0000000084300000| Untracked 
|  68|0x0000000084400000, 0x0000000084500000, 0x0000000084500000|100%| O|  |TAMS 0x0000000084500000, 0x0000000084400000| Untracked 
|  69|0x0000000084500000, 0x0000000084600000, 0x0000000084600000|100%| O|  |TAMS 0x0000000084600000, 0x0000000084500000| Untracked 
|  70|0x0000000084600000, 0x0000000084700000, 0x0000000084700000|100%| O|  |TAMS 0x0000000084700000, 0x0000000084600000| Untracked 
|  71|0x0000000084700000, 0x0000000084800000, 0x0000000084800000|100%| O|  |TAMS 0x0000000084800000, 0x0000000084700000| Untracked 
|  72|0x0000000084800000, 0x0000000084900000, 0x0000000084900000|100%| O|  |TAMS 0x0000000084900000, 0x0000000084800000| Untracked 
|  73|0x0000000084900000, 0x0000000084a00000, 0x0000000084a00000|100%| O|  |TAMS 0x0000000084a00000, 0x0000000084900000| Untracked 
|  74|0x0000000084a00000, 0x0000000084b00000, 0x0000000084b00000|100%| O|  |TAMS 0x0000000084b00000, 0x0000000084a00000| Untracked 
|  75|0x0000000084b00000, 0x0000000084c00000, 0x0000000084c00000|100%| O|  |TAMS 0x0000000084c00000, 0x0000000084b00000| Untracked 
|  76|0x0000000084c00000, 0x0000000084d00000, 0x0000000084d00000|100%|HS|  |TAMS 0x0000000084d00000, 0x0000000084c00000| Complete 
|  77|0x0000000084d00000, 0x0000000084e00000, 0x0000000084e00000|100%|HC|  |TAMS 0x0000000084e00000, 0x0000000084d00000| Complete 
|  78|0x0000000084e00000, 0x0000000084f00000, 0x0000000084f00000|100%| O|  |TAMS 0x0000000084f00000, 0x0000000084e00000| Untracked 
|  79|0x0000000084f00000, 0x0000000085000000, 0x0000000085000000|100%| O|  |TAMS 0x0000000085000000, 0x0000000084f00000| Untracked 
|  80|0x0000000085000000, 0x0000000085100000, 0x0000000085100000|100%|HS|  |TAMS 0x0000000085100000, 0x0000000085000000| Complete 
|  81|0x0000000085100000, 0x0000000085200000, 0x0000000085200000|100%|HC|  |TAMS 0x0000000085200000, 0x0000000085100000| Complete 
|  82|0x0000000085200000, 0x0000000085300000, 0x0000000085300000|100%| O|  |TAMS 0x0000000085300000, 0x0000000085200000| Untracked 
|  83|0x0000000085300000, 0x0000000085400000, 0x0000000085400000|100%| O|  |TAMS 0x0000000085400000, 0x0000000085300000| Untracked 
|  84|0x0000000085400000, 0x0000000085500000, 0x0000000085500000|100%| O|  |TAMS 0x0000000085500000, 0x0000000085400000| Untracked 
|  85|0x0000000085500000, 0x0000000085600000, 0x0000000085600000|100%|HS|  |TAMS 0x0000000085500000, 0x0000000085500000| Complete 
|  86|0x0000000085600000, 0x0000000085700000, 0x0000000085700000|100%| O|  |TAMS 0x0000000085700000, 0x0000000085600000| Untracked 
|  87|0x0000000085700000, 0x0000000085800000, 0x0000000085800000|100%| O|  |TAMS 0x0000000085800000, 0x0000000085700000| Untracked 
|  88|0x0000000085800000, 0x0000000085900000, 0x0000000085900000|100%|HS|  |TAMS 0x0000000085900000, 0x0000000085800000| Complete 
|  89|0x0000000085900000, 0x0000000085a00000, 0x0000000085a00000|100%|HC|  |TAMS 0x0000000085a00000, 0x0000000085900000| Complete 
|  90|0x0000000085a00000, 0x0000000085b00000, 0x0000000085b00000|100%|HC|  |TAMS 0x0000000085b00000, 0x0000000085a00000| Complete 
|  91|0x0000000085b00000, 0x0000000085c00000, 0x0000000085c00000|100%|HC|  |TAMS 0x0000000085c00000, 0x0000000085b00000| Complete 
|  92|0x0000000085c00000, 0x0000000085d00000, 0x0000000085d00000|100%|HC|  |TAMS 0x0000000085d00000, 0x0000000085c00000| Complete 
|  93|0x0000000085d00000, 0x0000000085e00000, 0x0000000085e00000|100%| O|  |TAMS 0x0000000085e00000, 0x0000000085d00000| Untracked 
|  94|0x0000000085e00000, 0x0000000085f00000, 0x0000000085f00000|100%|HS|  |TAMS 0x0000000085f00000, 0x0000000085e00000| Complete 
|  95|0x0000000085f00000, 0x0000000086000000, 0x0000000086000000|100%|HC|  |TAMS 0x0000000086000000, 0x0000000085f00000| Complete 
|  96|0x0000000086000000, 0x0000000086100000, 0x0000000086100000|100%| O|  |TAMS 0x0000000086000000, 0x0000000086000000| Untracked 
|  97|0x0000000086100000, 0x0000000086200000, 0x0000000086200000|100%| O|  |TAMS 0x0000000086200000, 0x0000000086100000| Untracked 
|  98|0x0000000086200000, 0x0000000086300000, 0x0000000086300000|100%|HS|  |TAMS 0x0000000086300000, 0x0000000086200000| Complete 
|  99|0x0000000086300000, 0x0000000086400000, 0x0000000086400000|100%|HC|  |TAMS 0x0000000086400000, 0x0000000086300000| Complete 
| 100|0x0000000086400000, 0x0000000086400000, 0x0000000086500000|  0%| F|  |TAMS 0x0000000086400000, 0x0000000086400000| Untracked 
| 101|0x0000000086500000, 0x0000000086600000, 0x0000000086600000|100%|HS|  |TAMS 0x0000000086600000, 0x0000000086500000| Complete 
| 102|0x0000000086600000, 0x0000000086700000, 0x0000000086700000|100%|HC|  |TAMS 0x0000000086700000, 0x0000000086600000| Complete 
| 103|0x0000000086700000, 0x0000000086800000, 0x0000000086800000|100%|HC|  |TAMS 0x0000000086800000, 0x0000000086700000| Complete 
| 104|0x0000000086800000, 0x0000000086900000, 0x0000000086900000|100%| O|  |TAMS 0x0000000086800000, 0x0000000086800000| Untracked 
| 105|0x0000000086900000, 0x0000000086a00000, 0x0000000086a00000|100%|HS|  |TAMS 0x0000000086a00000, 0x0000000086900000| Complete 
| 106|0x0000000086a00000, 0x0000000086b00000, 0x0000000086b00000|100%|HC|  |TAMS 0x0000000086b00000, 0x0000000086a00000| Complete 
| 107|0x0000000086b00000, 0x0000000086c00000, 0x0000000086c00000|100%|HS|  |TAMS 0x0000000086c00000, 0x0000000086b00000| Complete 
| 108|0x0000000086c00000, 0x0000000086d00000, 0x0000000086d00000|100%|HC|  |TAMS 0x0000000086d00000, 0x0000000086c00000| Complete 
| 109|0x0000000086d00000, 0x0000000086e00000, 0x0000000086e00000|100%|HC|  |TAMS 0x0000000086e00000, 0x0000000086d00000| Complete 
| 110|0x0000000086e00000, 0x0000000086f00000, 0x0000000086f00000|100%|HS|  |TAMS 0x0000000086f00000, 0x0000000086e00000| Complete 
| 111|0x0000000086f00000, 0x0000000087000000, 0x0000000087000000|100%|HC|  |TAMS 0x0000000087000000, 0x0000000086f00000| Complete 
| 112|0x0000000087000000, 0x0000000087100000, 0x0000000087100000|100%|HC|  |TAMS 0x0000000087100000, 0x0000000087000000| Complete 
| 113|0x0000000087100000, 0x0000000087200000, 0x0000000087200000|100%|HS|  |TAMS 0x0000000087200000, 0x0000000087100000| Complete 
| 114|0x0000000087200000, 0x0000000087300000, 0x0000000087300000|100%|HC|  |TAMS 0x0000000087300000, 0x0000000087200000| Complete 
| 115|0x0000000087300000, 0x0000000087400000, 0x0000000087400000|100%|HS|  |TAMS 0x0000000087400000, 0x0000000087300000| Complete 
| 116|0x0000000087400000, 0x0000000087500000, 0x0000000087500000|100%|HC|  |TAMS 0x0000000087500000, 0x0000000087400000| Complete 
| 117|0x0000000087500000, 0x0000000087600000, 0x0000000087600000|100%|HC|  |TAMS 0x0000000087600000, 0x0000000087500000| Complete 
| 118|0x0000000087600000, 0x0000000087700000, 0x0000000087700000|100%|HC|  |TAMS 0x0000000087700000, 0x0000000087600000| Complete 
| 119|0x0000000087700000, 0x0000000087800000, 0x0000000087800000|100%|HC|  |TAMS 0x0000000087800000, 0x0000000087700000| Complete 
| 120|0x0000000087800000, 0x0000000087900000, 0x0000000087900000|100%|HC|  |TAMS 0x0000000087900000, 0x0000000087800000| Complete 
| 121|0x0000000087900000, 0x0000000087a00000, 0x0000000087a00000|100%|HC|  |TAMS 0x0000000087a00000, 0x0000000087900000| Complete 
| 122|0x0000000087a00000, 0x0000000087b00000, 0x0000000087b00000|100%|HC|  |TAMS 0x0000000087b00000, 0x0000000087a00000| Complete 
| 123|0x0000000087b00000, 0x0000000087c00000, 0x0000000087c00000|100%|HC|  |TAMS 0x0000000087c00000, 0x0000000087b00000| Complete 
| 124|0x0000000087c00000, 0x0000000087d00000, 0x0000000087d00000|100%|HC|  |TAMS 0x0000000087d00000, 0x0000000087c00000| Complete 
| 125|0x0000000087d00000, 0x0000000087e00000, 0x0000000087e00000|100%|HS|  |TAMS 0x0000000087e00000, 0x0000000087d00000| Complete 
| 126|0x0000000087e00000, 0x0000000087f00000, 0x0000000087f00000|100%|HC|  |TAMS 0x0000000087f00000, 0x0000000087e00000| Complete 
| 127|0x0000000087f00000, 0x0000000088000000, 0x0000000088000000|100%|HC|  |TAMS 0x0000000088000000, 0x0000000087f00000| Complete 
| 128|0x0000000088000000, 0x0000000088100000, 0x0000000088100000|100%|HS|  |TAMS 0x0000000088100000, 0x0000000088000000| Complete 
| 129|0x0000000088100000, 0x0000000088200000, 0x0000000088200000|100%|HC|  |TAMS 0x0000000088200000, 0x0000000088100000| Complete 
| 130|0x0000000088200000, 0x0000000088300000, 0x0000000088300000|100%|HC|  |TAMS 0x0000000088300000, 0x0000000088200000| Complete 
| 131|0x0000000088300000, 0x0000000088400000, 0x0000000088400000|100%|HS|  |TAMS 0x0000000088400000, 0x0000000088300000| Complete 
| 132|0x0000000088400000, 0x0000000088500000, 0x0000000088500000|100%|HC|  |TAMS 0x0000000088500000, 0x0000000088400000| Complete 
| 133|0x0000000088500000, 0x0000000088600000, 0x0000000088600000|100%|HC|  |TAMS 0x0000000088600000, 0x0000000088500000| Complete 
| 134|0x0000000088600000, 0x0000000088700000, 0x0000000088700000|100%|HC|  |TAMS 0x0000000088700000, 0x0000000088600000| Complete 
| 135|0x0000000088700000, 0x0000000088800000, 0x0000000088800000|100%|HC|  |TAMS 0x0000000088800000, 0x0000000088700000| Complete 
| 136|0x0000000088800000, 0x0000000088900000, 0x0000000088900000|100%|HS|  |TAMS 0x0000000088900000, 0x0000000088800000| Complete 
| 137|0x0000000088900000, 0x0000000088a00000, 0x0000000088a00000|100%|HC|  |TAMS 0x0000000088a00000, 0x0000000088900000| Complete 
| 138|0x0000000088a00000, 0x0000000088b00000, 0x0000000088b00000|100%|HC|  |TAMS 0x0000000088b00000, 0x0000000088a00000| Complete 
| 139|0x0000000088b00000, 0x0000000088c00000, 0x0000000088c00000|100%|HS|  |TAMS 0x0000000088c00000, 0x0000000088b00000| Complete 
| 140|0x0000000088c00000, 0x0000000088d00000, 0x0000000088d00000|100%|HC|  |TAMS 0x0000000088d00000, 0x0000000088c00000| Complete 
| 141|0x0000000088d00000, 0x0000000088e00000, 0x0000000088e00000|100%| O|  |TAMS 0x0000000088d00000, 0x0000000088d00000| Untracked 
| 142|0x0000000088e00000, 0x0000000088f00000, 0x0000000088f00000|100%| O|  |TAMS 0x0000000088f00000, 0x0000000088e00000| Untracked 
| 143|0x0000000088f00000, 0x0000000089000000, 0x0000000089000000|100%| O|  |TAMS 0x0000000089000000, 0x0000000088f00000| Untracked 
| 144|0x0000000089000000, 0x0000000089100000, 0x0000000089100000|100%| O|  |TAMS 0x0000000089100000, 0x0000000089000000| Untracked 
| 145|0x0000000089100000, 0x0000000089200000, 0x0000000089200000|100%| O|  |TAMS 0x0000000089200000, 0x0000000089100000| Untracked 
| 146|0x0000000089200000, 0x0000000089300000, 0x0000000089300000|100%| O|  |TAMS 0x0000000089300000, 0x0000000089200000| Untracked 
| 147|0x0000000089300000, 0x0000000089400000, 0x0000000089400000|100%| O|  |TAMS 0x0000000089400000, 0x0000000089300000| Untracked 
| 148|0x0000000089400000, 0x0000000089500000, 0x0000000089500000|100%| O|  |TAMS 0x0000000089500000, 0x0000000089400000| Untracked 
| 149|0x0000000089500000, 0x0000000089600000, 0x0000000089600000|100%| O|  |TAMS 0x0000000089600000, 0x0000000089500000| Untracked 
| 150|0x0000000089600000, 0x0000000089700000, 0x0000000089700000|100%| O|  |TAMS 0x0000000089700000, 0x0000000089600000| Untracked 
| 151|0x0000000089700000, 0x0000000089800000, 0x0000000089800000|100%| O|  |TAMS 0x0000000089800000, 0x0000000089700000| Untracked 
| 152|0x0000000089800000, 0x0000000089900000, 0x0000000089900000|100%| O|  |TAMS 0x0000000089900000, 0x0000000089800000| Untracked 
| 153|0x0000000089900000, 0x0000000089a00000, 0x0000000089a00000|100%| O|  |TAMS 0x0000000089a00000, 0x0000000089900000| Untracked 
| 154|0x0000000089a00000, 0x0000000089b00000, 0x0000000089b00000|100%|HS|  |TAMS 0x0000000089b00000, 0x0000000089a00000| Complete 
| 155|0x0000000089b00000, 0x0000000089c00000, 0x0000000089c00000|100%|HC|  |TAMS 0x0000000089c00000, 0x0000000089b00000| Complete 
| 156|0x0000000089c00000, 0x0000000089d00000, 0x0000000089d00000|100%|HC|  |TAMS 0x0000000089d00000, 0x0000000089c00000| Complete 
| 157|0x0000000089d00000, 0x0000000089e00000, 0x0000000089e00000|100%|HC|  |TAMS 0x0000000089e00000, 0x0000000089d00000| Complete 
| 158|0x0000000089e00000, 0x0000000089f00000, 0x0000000089f00000|100%|HC|  |TAMS 0x0000000089f00000, 0x0000000089e00000| Complete 
| 159|0x0000000089f00000, 0x000000008a000000, 0x000000008a000000|100%|HC|  |TAMS 0x000000008a000000, 0x0000000089f00000| Complete 
| 160|0x000000008a000000, 0x000000008a100000, 0x000000008a100000|100%|HC|  |TAMS 0x000000008a100000, 0x000000008a000000| Complete 
| 161|0x000000008a100000, 0x000000008a200000, 0x000000008a200000|100%|HC|  |TAMS 0x000000008a200000, 0x000000008a100000| Complete 
| 162|0x000000008a200000, 0x000000008a300000, 0x000000008a300000|100%|HC|  |TAMS 0x000000008a300000, 0x000000008a200000| Complete 
| 163|0x000000008a300000, 0x000000008a400000, 0x000000008a400000|100%|HC|  |TAMS 0x000000008a400000, 0x000000008a300000| Complete 
| 164|0x000000008a400000, 0x000000008a500000, 0x000000008a500000|100%|HS|  |TAMS 0x000000008a500000, 0x000000008a400000| Complete 
| 165|0x000000008a500000, 0x000000008a600000, 0x000000008a600000|100%|HC|  |TAMS 0x000000008a600000, 0x000000008a500000| Complete 
| 166|0x000000008a600000, 0x000000008a700000, 0x000000008a700000|100%|HC|  |TAMS 0x000000008a700000, 0x000000008a600000| Complete 
| 167|0x000000008a700000, 0x000000008a800000, 0x000000008a800000|100%|HC|  |TAMS 0x000000008a800000, 0x000000008a700000| Complete 
| 168|0x000000008a800000, 0x000000008a900000, 0x000000008a900000|100%|HC|  |TAMS 0x000000008a900000, 0x000000008a800000| Complete 
| 169|0x000000008a900000, 0x000000008aa00000, 0x000000008aa00000|100%|HS|  |TAMS 0x000000008aa00000, 0x000000008a900000| Complete 
| 170|0x000000008aa00000, 0x000000008ab00000, 0x000000008ab00000|100%|HC|  |TAMS 0x000000008ab00000, 0x000000008aa00000| Complete 
| 171|0x000000008ab00000, 0x000000008ac00000, 0x000000008ac00000|100%|HC|  |TAMS 0x000000008ac00000, 0x000000008ab00000| Complete 
| 172|0x000000008ac00000, 0x000000008ad00000, 0x000000008ad00000|100%|HC|  |TAMS 0x000000008ad00000, 0x000000008ac00000| Complete 
| 173|0x000000008ad00000, 0x000000008ae00000, 0x000000008ae00000|100%|HC|  |TAMS 0x000000008ae00000, 0x000000008ad00000| Complete 
| 174|0x000000008ae00000, 0x000000008af00000, 0x000000008af00000|100%|HC|  |TAMS 0x000000008af00000, 0x000000008ae00000| Complete 
| 175|0x000000008af00000, 0x000000008b000000, 0x000000008b000000|100%|HC|  |TAMS 0x000000008b000000, 0x000000008af00000| Complete 
| 176|0x000000008b000000, 0x000000008b100000, 0x000000008b100000|100%|HC|  |TAMS 0x000000008b100000, 0x000000008b000000| Complete 
| 177|0x000000008b100000, 0x000000008b200000, 0x000000008b200000|100%|HC|  |TAMS 0x000000008b200000, 0x000000008b100000| Complete 
| 178|0x000000008b200000, 0x000000008b300000, 0x000000008b300000|100%|HC|  |TAMS 0x000000008b300000, 0x000000008b200000| Complete 
| 179|0x000000008b300000, 0x000000008b400000, 0x000000008b400000|100%|HS|  |TAMS 0x000000008b400000, 0x000000008b300000| Complete 
| 180|0x000000008b400000, 0x000000008b500000, 0x000000008b500000|100%|HC|  |TAMS 0x000000008b500000, 0x000000008b400000| Complete 
| 181|0x000000008b500000, 0x000000008b600000, 0x000000008b600000|100%| O|  |TAMS 0x000000008b500000, 0x000000008b500000| Untracked 
| 182|0x000000008b600000, 0x000000008b700000, 0x000000008b700000|100%| O|  |TAMS 0x000000008b600000, 0x000000008b600000| Untracked 
| 183|0x000000008b700000, 0x000000008b800000, 0x000000008b800000|100%| O|  |TAMS 0x000000008b700000, 0x000000008b700000| Untracked 
| 184|0x000000008b800000, 0x000000008b900000, 0x000000008b900000|100%| O|  |TAMS 0x000000008b800000, 0x000000008b800000| Untracked 
| 185|0x000000008b900000, 0x000000008ba00000, 0x000000008ba00000|100%| O|  |TAMS 0x000000008b900000, 0x000000008b900000| Untracked 
| 186|0x000000008ba00000, 0x000000008bb00000, 0x000000008bb00000|100%| O|  |TAMS 0x000000008ba00000, 0x000000008ba00000| Untracked 
| 187|0x000000008bb00000, 0x000000008bc00000, 0x000000008bc00000|100%| O|  |TAMS 0x000000008bb00000, 0x000000008bb00000| Untracked 
| 188|0x000000008bc00000, 0x000000008bd00000, 0x000000008bd00000|100%| O|  |TAMS 0x000000008bc00000, 0x000000008bc00000| Untracked 
| 189|0x000000008bd00000, 0x000000008bde9400, 0x000000008be00000| 91%| O|  |TAMS 0x000000008bd00000, 0x000000008bd00000| Untracked 
| 190|0x000000008be00000, 0x000000008be00000, 0x000000008bf00000|  0%| F|  |TAMS 0x000000008be00000, 0x000000008be00000| Untracked 
| 191|0x000000008bf00000, 0x000000008bf00000, 0x000000008c000000|  0%| F|  |TAMS 0x000000008bf00000, 0x000000008bf00000| Untracked 
| 192|0x000000008c000000, 0x000000008c000000, 0x000000008c100000|  0%| F|  |TAMS 0x000000008c000000, 0x000000008c000000| Untracked 
| 193|0x000000008c100000, 0x000000008c100000, 0x000000008c200000|  0%| F|  |TAMS 0x000000008c100000, 0x000000008c100000| Untracked 
| 194|0x000000008c200000, 0x000000008c200000, 0x000000008c300000|  0%| F|  |TAMS 0x000000008c200000, 0x000000008c200000| Untracked 
| 195|0x000000008c300000, 0x000000008c300000, 0x000000008c400000|  0%| F|  |TAMS 0x000000008c300000, 0x000000008c300000| Untracked 
| 196|0x000000008c400000, 0x000000008c400000, 0x000000008c500000|  0%| F|  |TAMS 0x000000008c400000, 0x000000008c400000| Untracked 
| 197|0x000000008c500000, 0x000000008c500000, 0x000000008c600000|  0%| F|  |TAMS 0x000000008c500000, 0x000000008c500000| Untracked 
| 198|0x000000008c600000, 0x000000008c600000, 0x000000008c700000|  0%| F|  |TAMS 0x000000008c600000, 0x000000008c600000| Untracked 
| 199|0x000000008c700000, 0x000000008c700000, 0x000000008c800000|  0%| F|  |TAMS 0x000000008c700000, 0x000000008c700000| Untracked 
| 200|0x000000008c800000, 0x000000008c800000, 0x000000008c900000|  0%| F|  |TAMS 0x000000008c800000, 0x000000008c800000| Untracked 
| 201|0x000000008c900000, 0x000000008c900000, 0x000000008ca00000|  0%| F|  |TAMS 0x000000008c900000, 0x000000008c900000| Untracked 
| 202|0x000000008ca00000, 0x000000008ca00000, 0x000000008cb00000|  0%| F|  |TAMS 0x000000008ca00000, 0x000000008ca00000| Untracked 
| 203|0x000000008cb00000, 0x000000008cb00000, 0x000000008cc00000|  0%| F|  |TAMS 0x000000008cb00000, 0x000000008cb00000| Untracked 
| 204|0x000000008cc00000, 0x000000008cc00000, 0x000000008cd00000|  0%| F|  |TAMS 0x000000008cc00000, 0x000000008cc00000| Untracked 
| 205|0x000000008cd00000, 0x000000008cd00000, 0x000000008ce00000|  0%| F|  |TAMS 0x000000008cd00000, 0x000000008cd00000| Untracked 
| 206|0x000000008ce00000, 0x000000008ce00000, 0x000000008cf00000|  0%| F|  |TAMS 0x000000008ce00000, 0x000000008ce00000| Untracked 
| 207|0x000000008cf00000, 0x000000008cf00000, 0x000000008d000000|  0%| F|  |TAMS 0x000000008cf00000, 0x000000008cf00000| Untracked 
| 208|0x000000008d000000, 0x000000008d000000, 0x000000008d100000|  0%| F|  |TAMS 0x000000008d000000, 0x000000008d000000| Untracked 
| 209|0x000000008d100000, 0x000000008d100000, 0x000000008d200000|  0%| F|  |TAMS 0x000000008d100000, 0x000000008d100000| Untracked 
| 210|0x000000008d200000, 0x000000008d200000, 0x000000008d300000|  0%| F|  |TAMS 0x000000008d200000, 0x000000008d200000| Untracked 
| 211|0x000000008d300000, 0x000000008d300000, 0x000000008d400000|  0%| F|  |TAMS 0x000000008d300000, 0x000000008d300000| Untracked 
| 212|0x000000008d400000, 0x000000008d400000, 0x000000008d500000|  0%| F|  |TAMS 0x000000008d400000, 0x000000008d400000| Untracked 
| 213|0x000000008d500000, 0x000000008d500000, 0x000000008d600000|  0%| F|  |TAMS 0x000000008d500000, 0x000000008d500000| Untracked 
| 214|0x000000008d600000, 0x000000008d600000, 0x000000008d700000|  0%| F|  |TAMS 0x000000008d600000, 0x000000008d600000| Untracked 
| 215|0x000000008d700000, 0x000000008d700000, 0x000000008d800000|  0%| F|  |TAMS 0x000000008d700000, 0x000000008d700000| Untracked 
| 216|0x000000008d800000, 0x000000008d800000, 0x000000008d900000|  0%| F|  |TAMS 0x000000008d800000, 0x000000008d800000| Untracked 
| 217|0x000000008d900000, 0x000000008d900000, 0x000000008da00000|  0%| F|  |TAMS 0x000000008d900000, 0x000000008d900000| Untracked 
| 218|0x000000008da00000, 0x000000008da00000, 0x000000008db00000|  0%| F|  |TAMS 0x000000008da00000, 0x000000008da00000| Untracked 
| 219|0x000000008db00000, 0x000000008db00000, 0x000000008dc00000|  0%| F|  |TAMS 0x000000008db00000, 0x000000008db00000| Untracked 
| 220|0x000000008dc00000, 0x000000008dc00000, 0x000000008dd00000|  0%| F|  |TAMS 0x000000008dc00000, 0x000000008dc00000| Untracked 
| 221|0x000000008dd00000, 0x000000008dd00000, 0x000000008de00000|  0%| F|  |TAMS 0x000000008dd00000, 0x000000008dd00000| Untracked 
| 222|0x000000008de00000, 0x000000008de00000, 0x000000008df00000|  0%| F|  |TAMS 0x000000008de00000, 0x000000008de00000| Untracked 
| 223|0x000000008df00000, 0x000000008dfc5870, 0x000000008e000000| 77%| S|CS|TAMS 0x000000008df00000, 0x000000008df00000| Complete 
| 224|0x000000008e000000, 0x000000008e000000, 0x000000008e100000|  0%| F|  |TAMS 0x000000008e000000, 0x000000008e000000| Untracked 
| 225|0x000000008e100000, 0x000000008e100000, 0x000000008e200000|  0%| F|  |TAMS 0x000000008e100000, 0x000000008e100000| Untracked 
| 226|0x000000008e200000, 0x000000008e200000, 0x000000008e300000|  0%| F|  |TAMS 0x000000008e200000, 0x000000008e200000| Untracked 
| 227|0x000000008e300000, 0x000000008e300000, 0x000000008e400000|  0%| F|  |TAMS 0x000000008e300000, 0x000000008e300000| Untracked 
| 228|0x000000008e400000, 0x000000008e400000, 0x000000008e500000|  0%| F|  |TAMS 0x000000008e400000, 0x000000008e400000| Untracked 
| 229|0x000000008e500000, 0x000000008e500000, 0x000000008e600000|  0%| F|  |TAMS 0x000000008e500000, 0x000000008e500000| Untracked 
| 230|0x000000008e600000, 0x000000008e600000, 0x000000008e700000|  0%| F|  |TAMS 0x000000008e600000, 0x000000008e600000| Untracked 
| 231|0x000000008e700000, 0x000000008e700000, 0x000000008e800000|  0%| F|  |TAMS 0x000000008e700000, 0x000000008e700000| Untracked 
| 232|0x000000008e800000, 0x000000008e800000, 0x000000008e900000|  0%| F|  |TAMS 0x000000008e800000, 0x000000008e800000| Untracked 
| 233|0x000000008e900000, 0x000000008e900000, 0x000000008ea00000|  0%| F|  |TAMS 0x000000008e900000, 0x000000008e900000| Untracked 
| 234|0x000000008ea00000, 0x000000008ea00000, 0x000000008eb00000|  0%| F|  |TAMS 0x000000008ea00000, 0x000000008ea00000| Untracked 
| 235|0x000000008eb00000, 0x000000008eb00000, 0x000000008ec00000|  0%| F|  |TAMS 0x000000008eb00000, 0x000000008eb00000| Untracked 
| 236|0x000000008ec00000, 0x000000008ec00000, 0x000000008ed00000|  0%| F|  |TAMS 0x000000008ec00000, 0x000000008ec00000| Untracked 
| 237|0x000000008ed00000, 0x000000008ed00000, 0x000000008ee00000|  0%| F|  |TAMS 0x000000008ed00000, 0x000000008ed00000| Untracked 
| 238|0x000000008ee00000, 0x000000008ee00000, 0x000000008ef00000|  0%| F|  |TAMS 0x000000008ee00000, 0x000000008ee00000| Untracked 
| 239|0x000000008ef00000, 0x000000008ef00000, 0x000000008f000000|  0%| F|  |TAMS 0x000000008ef00000, 0x000000008ef00000| Untracked 
| 240|0x000000008f000000, 0x000000008f000000, 0x000000008f100000|  0%| F|  |TAMS 0x000000008f000000, 0x000000008f000000| Untracked 
| 241|0x000000008f100000, 0x000000008f100000, 0x000000008f200000|  0%| F|  |TAMS 0x000000008f100000, 0x000000008f100000| Untracked 
| 242|0x000000008f200000, 0x000000008f200000, 0x000000008f300000|  0%| F|  |TAMS 0x000000008f200000, 0x000000008f200000| Untracked 
| 243|0x000000008f300000, 0x000000008f300000, 0x000000008f400000|  0%| F|  |TAMS 0x000000008f300000, 0x000000008f300000| Untracked 
| 244|0x000000008f400000, 0x000000008f400000, 0x000000008f500000|  0%| F|  |TAMS 0x000000008f400000, 0x000000008f400000| Untracked 
| 245|0x000000008f500000, 0x000000008f500000, 0x000000008f600000|  0%| F|  |TAMS 0x000000008f500000, 0x000000008f500000| Untracked 
| 246|0x000000008f600000, 0x000000008f600000, 0x000000008f700000|  0%| F|  |TAMS 0x000000008f600000, 0x000000008f600000| Untracked 
| 247|0x000000008f700000, 0x000000008f700000, 0x000000008f800000|  0%| F|  |TAMS 0x000000008f700000, 0x000000008f700000| Untracked 
| 248|0x000000008f800000, 0x000000008f800000, 0x000000008f900000|  0%| F|  |TAMS 0x000000008f800000, 0x000000008f800000| Untracked 
| 249|0x000000008f900000, 0x000000008f900000, 0x000000008fa00000|  0%| F|  |TAMS 0x000000008f900000, 0x000000008f900000| Untracked 
| 250|0x000000008fa00000, 0x000000008fa00000, 0x000000008fb00000|  0%| F|  |TAMS 0x000000008fa00000, 0x000000008fa00000| Untracked 
| 251|0x000000008fb00000, 0x000000008fb00000, 0x000000008fc00000|  0%| F|  |TAMS 0x000000008fb00000, 0x000000008fb00000| Untracked 
| 252|0x000000008fc00000, 0x000000008fc00000, 0x000000008fd00000|  0%| F|  |TAMS 0x000000008fc00000, 0x000000008fc00000| Untracked 
| 253|0x000000008fd00000, 0x000000008fd00000, 0x000000008fe00000|  0%| F|  |TAMS 0x000000008fd00000, 0x000000008fd00000| Untracked 
| 254|0x000000008fe00000, 0x000000008fe00000, 0x000000008ff00000|  0%| F|  |TAMS 0x000000008fe00000, 0x000000008fe00000| Untracked 
| 255|0x000000008ff00000, 0x000000008ff00000, 0x0000000090000000|  0%| F|  |TAMS 0x000000008ff00000, 0x000000008ff00000| Untracked 
| 256|0x0000000090000000, 0x0000000090000000, 0x0000000090100000|  0%| F|  |TAMS 0x0000000090000000, 0x0000000090000000| Untracked 
| 257|0x0000000090100000, 0x0000000090100000, 0x0000000090200000|  0%| F|  |TAMS 0x0000000090100000, 0x0000000090100000| Untracked 
| 258|0x0000000090200000, 0x0000000090200000, 0x0000000090300000|  0%| F|  |TAMS 0x0000000090200000, 0x0000000090200000| Untracked 
| 259|0x0000000090300000, 0x0000000090300000, 0x0000000090400000|  0%| F|  |TAMS 0x0000000090300000, 0x0000000090300000| Untracked 
| 260|0x0000000090400000, 0x0000000090400000, 0x0000000090500000|  0%| F|  |TAMS 0x0000000090400000, 0x0000000090400000| Untracked 
| 261|0x0000000090500000, 0x0000000090500000, 0x0000000090600000|  0%| F|  |TAMS 0x0000000090500000, 0x0000000090500000| Untracked 
| 262|0x0000000090600000, 0x0000000090684208, 0x0000000090700000| 51%| E|  |TAMS 0x0000000090600000, 0x0000000090600000| Complete 
| 263|0x0000000090700000, 0x0000000090800000, 0x0000000090800000|100%| E|CS|TAMS 0x0000000090700000, 0x0000000090700000| Complete 
| 264|0x0000000090800000, 0x0000000090900000, 0x0000000090900000|100%| E|CS|TAMS 0x0000000090800000, 0x0000000090800000| Complete 
| 265|0x0000000090900000, 0x0000000090a00000, 0x0000000090a00000|100%| E|CS|TAMS 0x0000000090900000, 0x0000000090900000| Complete 
| 266|0x0000000090a00000, 0x0000000090b00000, 0x0000000090b00000|100%| E|CS|TAMS 0x0000000090a00000, 0x0000000090a00000| Complete 
| 267|0x0000000090b00000, 0x0000000090c00000, 0x0000000090c00000|100%| E|CS|TAMS 0x0000000090b00000, 0x0000000090b00000| Complete 

Card table byte_map: [0x0000027c23df0000,0x0000027c241f0000] _byte_map_base: 0x0000027c239f0000

Marking Bits (Prev, Next): (CMBitMap*) 0x0000027c10bea898, (CMBitMap*) 0x0000027c10bea8d0
 Prev Bits: [0x0000027c245f0000, 0x0000027c265f0000)
 Next Bits: [0x0000027c265f0000, 0x0000027c285f0000)

Polling page: 0x0000027c10370000

Metaspace:

Usage:
  Non-class:    128.19 MB capacity,   125.34 MB ( 98%) used,     2.35 MB (  2%) free+waste,   512.44 KB ( <1%) overhead. 
      Class:     19.51 MB capacity,    17.96 MB ( 92%) used,     1.32 MB (  7%) free+waste,   226.31 KB (  1%) overhead. 
       Both:    147.70 MB capacity,   143.30 MB ( 97%) used,     3.67 MB (  2%) free+waste,   738.75 KB ( <1%) overhead. 

Virtual space:
  Non-class space:      130.00 MB reserved,     128.63 MB ( 99%) committed 
      Class space:        1.00 GB reserved,      20.00 MB (  2%) committed 
             Both:        1.13 GB reserved,     148.63 MB ( 13%) committed 

Chunk freelists:
   Non-Class:  451.00 KB
       Class:  440.00 KB
        Both:  891.00 KB

MaxMetaspaceSize: 17179869184.00 GB
CompressedClassSpaceSize: 1.00 GB
Initial GC threshold: 20.80 MB
Current GC threshold: 240.84 MB
CDS: off

CodeHeap 'non-profiled nmethods': size=120000Kb used=15980Kb max_used=15980Kb free=104019Kb
 bounds [0x0000027c1c190000, 0x0000027c1d170000, 0x0000027c236c0000]
CodeHeap 'profiled nmethods': size=120000Kb used=47167Kb max_used=48235Kb free=72832Kb
 bounds [0x0000027c14c60000, 0x0000027c17ba0000, 0x0000027c1c190000]
CodeHeap 'non-nmethods': size=5760Kb used=2493Kb max_used=2566Kb free=3266Kb
 bounds [0x0000027c146c0000, 0x0000027c14950000, 0x0000027c14c60000]
 total_blobs=22562 nmethods=21529 adapters=944
 compilation: enabled
              stopped_count=0, restarted_count=0
 full_count=0

Compilation events (20 events):
Event: 2395.518 Thread 0x0000027c2b935800 nmethod 24466 0x0000027c169c9890 code [0x0000027c169c9a60, 0x0000027c169c9eb8]
Event: 2395.518 Thread 0x0000027c2b935800 24467       3       org.gradle.tooling.internal.adapter.ProtocolToModelAdapter$SupportedPropertyInvoker::invoke (154 bytes)
Event: 2395.519 Thread 0x0000027c2b935800 nmethod 24467 0x0000027c1544ae90 code [0x0000027c1544b200, 0x0000027c1544c5d8]
Event: 2395.519 Thread 0x0000027c2b935800 24468       3       org.gradle.tooling.internal.adapter.ProtocolToModelAdapter$SafeMethodInvoker::invoke (118 bytes)
Event: 2395.520 Thread 0x0000027c2b935800 nmethod 24468 0x0000027c15464890 code [0x0000027c15464b00, 0x0000027c154654b8]
Event: 2395.522 Thread 0x0000027c32b7d000 nmethod 24449 0x0000027c1c8b7a10 code [0x0000027c1c8b7c20, 0x0000027c1c8b8a18]
Event: 2395.529 Thread 0x0000027c2b935800 24469       3       org.codehaus.groovy.runtime.ScriptBytecodeAdapter::compareEqual (99 bytes)
Event: 2395.529 Thread 0x0000027c2b932800 24470       4       org.gradle.internal.dispatch.ReflectionDispatch::dispatch (9 bytes)
Event: 2395.529 Thread 0x0000027c2b935800 nmethod 24469 0x0000027c161d9690 code [0x0000027c161d98c0, 0x0000027c161d9f18]
Event: 2395.530 Thread 0x0000027c32b7d000 24471   !   4       org.gradle.internal.dispatch.ReflectionDispatch::dispatch (42 bytes)
Event: 2395.530 Thread 0x0000027c2b935800 24472       3       sun.management.spi.PlatformMBeanProvider$PlatformComponent$$Lambda$66/0x000000010017ec40::get$Lambda (9 bytes)
Event: 2395.530 Thread 0x0000027c2b935800 nmethod 24472 0x0000027c15aa7e90 code [0x0000027c15aa8060, 0x0000027c15aa82b8]
Event: 2395.530 Thread 0x0000027c2b935800 24473       3       sun.management.spi.PlatformMBeanProvider$PlatformComponent$$Lambda$66/0x000000010017ec40::<init> (10 bytes)
Event: 2395.530 Thread 0x0000027c2b935800 nmethod 24473 0x0000027c162e0190 code [0x0000027c162e0340, 0x0000027c162e04f8]
Event: 2395.530 Thread 0x0000027c2b935800 24474       3       sun.management.spi.PlatformMBeanProvider$PlatformComponent$$Lambda$67/0x000000010017e040::get$Lambda (9 bytes)
Event: 2395.531 Thread 0x0000027c2b935800 nmethod 24474 0x0000027c16564390 code [0x0000027c16564560, 0x0000027c165647b8]
Event: 2395.531 Thread 0x0000027c2b935800 24475       3       sun.management.spi.PlatformMBeanProvider$PlatformComponent$$Lambda$67/0x000000010017e040::<init> (10 bytes)
Event: 2395.531 Thread 0x0000027c2b935800 nmethod 24475 0x0000027c162f5810 code [0x0000027c162f59c0, 0x0000027c162f5b78]
Event: 2395.540 Thread 0x0000027c2b932800 nmethod 24470 0x0000027c1c718090 code [0x0000027c1c7182c0, 0x0000027c1c718b90]
Event: 2395.541 Thread 0x0000027c32b7d000 nmethod 24471 0x0000027c1c5c8510 code [0x0000027c1c5c8740, 0x0000027c1c5c8fc0]

GC Heap History (20 events):
Event: 2392.229 GC heap before
{Heap before GC invocations=30 (full 0):
 garbage-first heap   total 266240K, used 219515K [0x0000000080000000, 0x0000000100000000)
  region size 1024K, 84 young (86016K), 2 survivors (2048K)
 Metaspace       used 124200K, capacity 128169K, committed 130180K, reserved 1161216K
  class space    used 15380K, capacity 16802K, committed 17664K, reserved 1048576K
}
Event: 2392.235 GC heap after
{Heap after GC invocations=31 (full 0):
 garbage-first heap   total 266240K, used 139282K [0x0000000080000000, 0x0000000100000000)
  region size 1024K, 5 young (5120K), 5 survivors (5120K)
 Metaspace       used 124200K, capacity 128169K, committed 130180K, reserved 1161216K
  class space    used 15380K, capacity 16802K, committed 17664K, reserved 1048576K
}
Event: 2392.944 GC heap before
{Heap before GC invocations=32 (full 0):
 garbage-first heap   total 266240K, used 216082K [0x0000000080000000, 0x0000000100000000)
  region size 1024K, 85 young (87040K), 5 survivors (5120K)
 Metaspace       used 130986K, capacity 135144K, committed 136708K, reserved 1167360K
  class space    used 16344K, capacity 17819K, committed 18560K, reserved 1048576K
}
Event: 2392.950 GC heap after
{Heap after GC invocations=33 (full 0):
 garbage-first heap   total 266240K, used 140052K [0x0000000080000000, 0x0000000100000000)
  region size 1024K, 10 young (10240K), 10 survivors (10240K)
 Metaspace       used 130986K, capacity 135144K, committed 136708K, reserved 1167360K
  class space    used 16344K, capacity 17819K, committed 18560K, reserved 1048576K
}
Event: 2392.976 GC heap before
{Heap before GC invocations=33 (full 0):
 garbage-first heap   total 266240K, used 142100K [0x0000000080000000, 0x0000000100000000)
  region size 1024K, 13 young (13312K), 10 survivors (10240K)
 Metaspace       used 131396K, capacity 135528K, committed 136964K, reserved 1167360K
  class space    used 16406K, capacity 17883K, committed 18560K, reserved 1048576K
}
Event: 2392.982 GC heap after
{Heap after GC invocations=34 (full 0):
 garbage-first heap   total 266240K, used 137001K [0x0000000080000000, 0x0000000100000000)
  region size 1024K, 2 young (2048K), 2 survivors (2048K)
 Metaspace       used 131396K, capacity 135528K, committed 136964K, reserved 1167360K
  class space    used 16406K, capacity 17883K, committed 18560K, reserved 1048576K
}
Event: 2393.250 GC heap before
{Heap before GC invocations=34 (full 0):
 garbage-first heap   total 266240K, used 169769K [0x0000000080000000, 0x0000000100000000)
  region size 1024K, 35 young (35840K), 2 survivors (2048K)
 Metaspace       used 133851K, capacity 137984K, committed 139524K, reserved 1169408K
  class space    used 16692K, capacity 18182K, committed 18816K, reserved 1048576K
}
Event: 2393.253 GC heap after
{Heap after GC invocations=35 (full 0):
 garbage-first heap   total 266240K, used 138152K [0x0000000080000000, 0x0000000100000000)
  region size 1024K, 3 young (3072K), 3 survivors (3072K)
 Metaspace       used 133851K, capacity 137984K, committed 139524K, reserved 1169408K
  class space    used 16692K, capacity 18182K, committed 18816K, reserved 1048576K
}
Event: 2393.957 GC heap before
{Heap before GC invocations=36 (full 0):
 garbage-first heap   total 266240K, used 222120K [0x0000000080000000, 0x0000000100000000)
  region size 1024K, 84 young (86016K), 3 survivors (3072K)
 Metaspace       used 138622K, capacity 142936K, committed 144388K, reserved 1173504K
  class space    used 17425K, capacity 18974K, committed 19584K, reserved 1048576K
}
Event: 2393.962 GC heap after
{Heap after GC invocations=37 (full 0):
 garbage-first heap   total 266240K, used 142928K [0x0000000080000000, 0x0000000100000000)
  region size 1024K, 8 young (8192K), 8 survivors (8192K)
 Metaspace       used 138622K, capacity 142936K, committed 144388K, reserved 1173504K
  class space    used 17425K, capacity 18974K, committed 19584K, reserved 1048576K
}
Event: 2394.019 GC heap before
{Heap before GC invocations=37 (full 0):
 garbage-first heap   total 266240K, used 148048K [0x0000000080000000, 0x0000000100000000)
  region size 1024K, 13 young (13312K), 8 survivors (8192K)
 Metaspace       used 139109K, capacity 143406K, committed 145028K, reserved 1175552K
  class space    used 17496K, capacity 19041K, committed 19712K, reserved 1048576K
}
Event: 2394.023 GC heap after
{Heap after GC invocations=38 (full 0):
 garbage-first heap   total 266240K, used 143509K [0x0000000080000000, 0x0000000100000000)
  region size 1024K, 2 young (2048K), 2 survivors (2048K)
 Metaspace       used 139109K, capacity 143406K, committed 145028K, reserved 1175552K
  class space    used 17496K, capacity 19041K, committed 19712K, reserved 1048576K
}
Event: 2394.839 GC heap before
{Heap before GC invocations=38 (full 0):
 garbage-first heap   total 266240K, used 262293K [0x0000000080000000, 0x0000000100000000)
  region size 1024K, 80 young (81920K), 2 survivors (2048K)
 Metaspace       used 141909K, capacity 146490K, committed 147588K, reserved 1177600K
  class space    used 17860K, capacity 19463K, committed 19968K, reserved 1048576K
}
Event: 2394.845 GC heap after
{Heap after GC invocations=39 (full 0):
 garbage-first heap   total 274432K, used 192296K [0x0000000080000000, 0x0000000100000000)
  region size 1024K, 10 young (10240K), 10 survivors (10240K)
 Metaspace       used 141909K, capacity 146490K, committed 147588K, reserved 1177600K
  class space    used 17860K, capacity 19463K, committed 19968K, reserved 1048576K
}
Event: 2395.191 GC heap before
{Heap before GC invocations=40 (full 0):
 garbage-first heap   total 274432K, used 235304K [0x0000000080000000, 0x0000000100000000)
  region size 1024K, 53 young (54272K), 10 survivors (10240K)
 Metaspace       used 143346K, capacity 147923K, committed 149124K, reserved 1177600K
  class space    used 18047K, capacity 19682K, committed 20224K, reserved 1048576K
}
Event: 2395.197 GC heap after
{Heap after GC invocations=41 (full 0):
 garbage-first heap   total 274432K, used 193520K [0x0000000080000000, 0x0000000100000000)
  region size 1024K, 2 young (2048K), 2 survivors (2048K)
 Metaspace       used 143346K, capacity 147923K, committed 149124K, reserved 1177600K
  class space    used 18047K, capacity 19682K, committed 20224K, reserved 1048576K
}
Event: 2395.350 GC heap before
{Heap before GC invocations=41 (full 0):
 garbage-first heap   total 274432K, used 204784K [0x0000000080000000, 0x0000000100000000)
  region size 1024K, 13 young (13312K), 2 survivors (2048K)
 Metaspace       used 143979K, capacity 148447K, committed 149380K, reserved 1179648K
  class space    used 18136K, capacity 19750K, committed 20224K, reserved 1048576K
}
Event: 2395.354 GC heap after
{Heap after GC invocations=42 (full 0):
 garbage-first heap   total 274432K, used 192871K [0x0000000080000000, 0x0000000100000000)
  region size 1024K, 1 young (1024K), 1 survivors (1024K)
 Metaspace       used 143979K, capacity 148447K, committed 149380K, reserved 1179648K
  class space    used 18136K, capacity 19750K, committed 20224K, reserved 1048576K
}
Event: 2395.489 GC heap before
{Heap before GC invocations=42 (full 0):
 garbage-first heap   total 274432K, used 236903K [0x0000000080000000, 0x0000000100000000)
  region size 1024K, 44 young (45056K), 1 survivors (1024K)
 Metaspace       used 146072K, capacity 150531K, committed 151556K, reserved 1181696K
  class space    used 18304K, capacity 19911K, committed 20352K, reserved 1048576K
}
Event: 2395.492 GC heap after
{Heap after GC invocations=43 (full 0):
 garbage-first heap   total 274432K, used 194235K [0x0000000080000000, 0x0000000100000000)
  region size 1024K, 1 young (1024K), 1 survivors (1024K)
 Metaspace       used 146072K, capacity 150531K, committed 151556K, reserved 1181696K
  class space    used 18304K, capacity 19911K, committed 20352K, reserved 1048576K
}

Deoptimization events (20 events):
Event: 2395.315 Thread 0x0000027c32eda800 DEOPT PACKING pc=0x0000027c1c555c60 sp=0x0000008b004f9b20
Event: 2395.315 Thread 0x0000027c32eda800 DEOPT UNPACKING pc=0x0000027c1470a1af sp=0x0000008b004f9ab0 mode 2
Event: 2395.324 Thread 0x0000027c32eda800 Uncommon trap: trap_request=0xffffff4d fr.pc=0x0000027c1cee5610 relative=0x0000000000006490
Event: 2395.324 Thread 0x0000027c32eda800 Uncommon trap: reason=unstable_if action=reinterpret pc=0x0000027c1cee5610 method=java.lang.reflect.Constructor.acquireConstructorAccessor()Ljdk/internal/reflect/ConstructorAccessor; @ 18 c2
Event: 2395.324 Thread 0x0000027c32eda800 DEOPT PACKING pc=0x0000027c1cee5610 sp=0x0000008b004fa720
Event: 2395.324 Thread 0x0000027c32eda800 DEOPT UNPACKING pc=0x0000027c1470a1af sp=0x0000008b004fa558 mode 2
Event: 2395.327 Thread 0x0000027c32eda800 Uncommon trap: trap_request=0xffffffde fr.pc=0x0000027c1c1e807c relative=0x00000000000002fc
Event: 2395.327 Thread 0x0000027c32eda800 Uncommon trap: reason=class_check action=maybe_recompile pc=0x0000027c1c1e807c method=java.util.regex.Matcher.search(I)Z @ 121 c2
Event: 2395.327 Thread 0x0000027c32eda800 DEOPT PACKING pc=0x0000027c1c1e807c sp=0x0000008b004faef0
Event: 2395.327 Thread 0x0000027c32eda800 DEOPT UNPACKING pc=0x0000027c1470a1af sp=0x0000008b004fae18 mode 2
Event: 2395.329 Thread 0x0000027c32eda800 Uncommon trap: trap_request=0xffffffde fr.pc=0x0000027c1c1e807c relative=0x00000000000002fc
Event: 2395.329 Thread 0x0000027c32eda800 Uncommon trap: reason=class_check action=maybe_recompile pc=0x0000027c1c1e807c method=java.util.regex.Matcher.search(I)Z @ 121 c2
Event: 2395.329 Thread 0x0000027c32eda800 DEOPT PACKING pc=0x0000027c1c1e807c sp=0x0000008b004fb180
Event: 2395.329 Thread 0x0000027c32eda800 DEOPT UNPACKING pc=0x0000027c1470a1af sp=0x0000008b004fb0a8 mode 2
Event: 2395.330 Thread 0x0000027c32eda800 Uncommon trap: trap_request=0xffffffde fr.pc=0x0000027c1c1e807c relative=0x00000000000002fc
Event: 2395.330 Thread 0x0000027c32eda800 Uncommon trap: reason=class_check action=maybe_recompile pc=0x0000027c1c1e807c method=java.util.regex.Matcher.search(I)Z @ 121 c2
Event: 2395.330 Thread 0x0000027c32eda800 DEOPT PACKING pc=0x0000027c1c1e807c sp=0x0000008b004faee0
Event: 2395.330 Thread 0x0000027c32eda800 DEOPT UNPACKING pc=0x0000027c1470a1af sp=0x0000008b004fae08 mode 2
Event: 2395.334 Thread 0x0000027c32eda800 DEOPT PACKING pc=0x0000027c16e23c0c sp=0x0000008b004faf50
Event: 2395.334 Thread 0x0000027c32eda800 DEOPT UNPACKING pc=0x0000027c1470a95e sp=0x0000008b004fa4f8 mode 0

Classes redefined (0 events):
No events

Internal exceptions (20 events):
Event: 2395.159 Thread 0x0000027c32eda800 Exception <a 'java/lang/ClassNotFoundException'{0x000000008dd108e0}: org/gradle/api/internal/tasks/DefaultTaskContainerBeanInfo> (0x000000008dd108e0) thrown at [src/hotspot/share/classfile/systemDictionary.cpp, line 230]
Event: 2395.159 Thread 0x0000027c32eda800 Exception <a 'java/lang/ClassNotFoundException'{0x000000008dd28168}: org/gradle/api/internal/tasks/DefaultTaskCollectionBeanInfo> (0x000000008dd28168) thrown at [src/hotspot/share/classfile/systemDictionary.cpp, line 230]
Event: 2395.159 Thread 0x0000027c32eda800 Exception <a 'java/lang/ClassNotFoundException'{0x000000008dd3fce8}: org/gradle/api/internal/tasks/DefaultTaskCollectionCustomizer> (0x000000008dd3fce8) thrown at [src/hotspot/share/classfile/systemDictionary.cpp, line 230]
Event: 2395.161 Thread 0x0000027c32eda800 Exception <a 'java/lang/ClassNotFoundException'{0x000000008dd7fe50}: org/gradle/api/internal/tasks/DefaultTaskContainerCustomizer> (0x000000008dd7fe50) thrown at [src/hotspot/share/classfile/systemDictionary.cpp, line 230]
Event: 2395.162 Thread 0x0000027c32eda800 Exception <a 'java/lang/ClassNotFoundException'{0x000000008dde1820}: org/gradle/api/internal/tasks/DefaultTaskContainer_DecoratedCustomizer> (0x000000008dde1820) thrown at [src/hotspot/share/classfile/systemDictionary.cpp, line 230]
Event: 2395.174 Thread 0x0000027c32eda800 Exception <a 'java/lang/ClassNotFoundException'{0x000000008db6aa60}: java/util/ArrayListBeanInfo> (0x000000008db6aa60) thrown at [src/hotspot/share/classfile/systemDictionary.cpp, line 230]
Event: 2395.174 Thread 0x0000027c32eda800 Exception <a 'java/lang/ClassNotFoundException'{0x000000008db73ea0}: java/util/AbstractListBeanInfo> (0x000000008db73ea0) thrown at [src/hotspot/share/classfile/systemDictionary.cpp, line 230]
Event: 2395.174 Thread 0x0000027c32eda800 Exception <a 'java/lang/ClassNotFoundException'{0x000000008db7d2f0}: java/util/AbstractListCustomizer> (0x000000008db7d2f0) thrown at [src/hotspot/share/classfile/systemDictionary.cpp, line 230]
Event: 2395.174 Thread 0x0000027c32eda800 Exception <a 'java/lang/ClassNotFoundException'{0x000000008db913d0}: java/util/ArrayListCustomizer> (0x000000008db913d0) thrown at [src/hotspot/share/classfile/systemDictionary.cpp, line 230]
Event: 2395.178 Thread 0x0000027c32eda800 Exception <a 'java/lang/ClassNotFoundException'{0x000000008da2b308}: java/util/CollectionBeanInfo> (0x000000008da2b308) thrown at [src/hotspot/share/classfile/systemDictionary.cpp, line 230]
Event: 2395.178 Thread 0x0000027c32eda800 Exception <a 'java/lang/ClassNotFoundException'{0x000000008da34718}: java/util/CollectionCustomizer> (0x000000008da34718) thrown at [src/hotspot/share/classfile/systemDictionary.cpp, line 230]
Event: 2395.183 Thread 0x0000027c32eda800 Exception <a 'java/lang/ClassNotFoundException'{0x000000008dab9498}: org/gradle/api/tasks/SourceSetBeanInfo> (0x000000008dab9498) thrown at [src/hotspot/share/classfile/systemDictionary.cpp, line 230]
Event: 2395.184 Thread 0x0000027c32eda800 Exception <a 'java/lang/ClassNotFoundException'{0x000000008dad5d68}: org/gradle/api/tasks/SourceSetCustomizer> (0x000000008dad5d68) thrown at [src/hotspot/share/classfile/systemDictionary.cpp, line 230]
Event: 2395.186 Thread 0x0000027c32eda800 Exception <a 'java/lang/ClassNotFoundException'{0x000000008d9544e8}: java/util/LinkedHashMapBeanInfo> (0x000000008d9544e8) thrown at [src/hotspot/share/classfile/systemDictionary.cpp, line 230]
Event: 2395.186 Thread 0x0000027c32eda800 Exception <a 'java/lang/ClassNotFoundException'{0x000000008d95cfe8}: java/util/HashMapBeanInfo> (0x000000008d95cfe8) thrown at [src/hotspot/share/classfile/systemDictionary.cpp, line 230]
Event: 2395.186 Thread 0x0000027c32eda800 Exception <a 'java/lang/ClassNotFoundException'{0x000000008d9668d0}: java/util/AbstractMapBeanInfo> (0x000000008d9668d0) thrown at [src/hotspot/share/classfile/systemDictionary.cpp, line 230]
Event: 2395.186 Thread 0x0000027c32eda800 Exception <a 'java/lang/ClassNotFoundException'{0x000000008d96fd20}: java/util/AbstractMapCustomizer> (0x000000008d96fd20) thrown at [src/hotspot/share/classfile/systemDictionary.cpp, line 230]
Event: 2395.186 Thread 0x0000027c32eda800 Exception <a 'java/lang/ClassNotFoundException'{0x000000008d982f48}: java/util/HashMapCustomizer> (0x000000008d982f48) thrown at [src/hotspot/share/classfile/systemDictionary.cpp, line 230]
Event: 2395.187 Thread 0x0000027c32eda800 Exception <a 'java/lang/ClassNotFoundException'{0x000000008d9a40a0}: java/util/LinkedHashMapCustomizer> (0x000000008d9a40a0) thrown at [src/hotspot/share/classfile/systemDictionary.cpp, line 230]
Event: 2395.518 Thread 0x0000027c32b8f800 Exception <a 'java/lang/NoSuchMethodError'{0x0000000090810ae8}: <clinit>> (0x0000000090810ae8) thrown at [src/hotspot/share/prims/jni.cpp, line 1367]

Events (20 events):
Event: 2395.542 loading class com/google/common/base/JdkPattern
Event: 2395.542 loading class com/google/common/base/JdkPattern done
Event: 2395.542 loading class com/google/common/base/Splitter$Strategy
Event: 2395.542 loading class com/google/common/base/Splitter$Strategy done
Event: 2395.542 loading class com/google/common/base/CharMatcher
Event: 2395.542 loading class com/google/common/base/CharMatcher done
Event: 2395.543 loading class com/google/common/base/Predicate
Event: 2395.543 loading class com/google/common/base/Predicate done
Event: 2395.543 loading class com/google/common/base/CharMatcher$Ascii
Event: 2395.543 loading class com/google/common/base/CharMatcher$Ascii done
Event: 2395.543 loading class com/google/common/base/CharMatcher$NamedFastMatcher
Event: 2395.543 loading class com/google/common/base/CharMatcher$NamedFastMatcher done
Event: 2395.543 loading class com/google/common/base/CharMatcher$FastMatcher
Event: 2395.543 loading class com/google/common/base/CharMatcher$FastMatcher done
Event: 2395.543 loading class com/google/common/base/CharMatcher$Is
Event: 2395.543 loading class com/google/common/base/CharMatcher$Is done
Event: 2395.543 loading class com/google/common/base/CharMatcher$Digit
Event: 2395.543 loading class com/google/common/base/CharMatcher$Digit done
Event: 2395.544 loading class com/google/common/base/CharMatcher$RangesMatcher
Event: 2395.544 loading class com/google/common/base/CharMatcher$RangesMatcher done


Dynamic libraries:
0x00007ff6315c0000 - 0x00007ff6315ca000 	C:\Program Files\Android\Android Studio\jbr\bin\java.exe
0x00007ff9d2ec0000 - 0x00007ff9d30af000 	C:\Windows\SYSTEM32\ntdll.dll
0x00007ff9d0c70000 - 0x00007ff9d0d23000 	C:\Windows\System32\KERNEL32.DLL
0x00007ff9cef20000 - 0x00007ff9cf1bd000 	C:\Windows\System32\KERNELBASE.dll
0x00007ff9cfe90000 - 0x00007ff9cff8a000 	C:\Windows\System32\ucrtbase.dll
0x00007ff9ca940000 - 0x00007ff9ca957000 	C:\Program Files\Android\Android Studio\jbr\bin\jli.dll
0x00007ff9bea70000 - 0x00007ff9bea8b000 	C:\Program Files\Android\Android Studio\jbr\bin\VCRUNTIME140.dll
0x00007ff9d02c0000 - 0x00007ff9d0458000 	C:\Windows\System32\USER32.dll
0x00007ff9b8470000 - 0x00007ff9b86e9000 	C:\Windows\WinSxS\amd64_microsoft.windows.common-controls_6595b64144ccf1df_6.0.17763.4377_none_de744a4e53489aa3\COMCTL32.dll
0x00007ff9cf470000 - 0x00007ff9cf490000 	C:\Windows\System32\win32u.dll
0x00007ff9d0220000 - 0x00007ff9d02be000 	C:\Windows\System32\msvcrt.dll
0x00007ff9d0e00000 - 0x00007ff9d0e29000 	C:\Windows\System32\GDI32.dll
0x00007ff9d2ab0000 - 0x00007ff9d2ddb000 	C:\Windows\System32\combase.dll
0x00007ff9cf490000 - 0x00007ff9cf636000 	C:\Windows\System32\gdi32full.dll
0x00007ff9d0b50000 - 0x00007ff9d0c6e000 	C:\Windows\System32\RPCRT4.dll
0x00007ff9cff90000 - 0x00007ff9d0030000 	C:\Windows\System32\msvcp_win.dll
0x00007ff9d0030000 - 0x00007ff9d00b2000 	C:\Windows\System32\bcryptPrimitives.dll
0x00007ff9d0a00000 - 0x00007ff9d0a2e000 	C:\Windows\System32\IMM32.DLL
0x00007ff9b6280000 - 0x00007ff9b630d000 	C:\Program Files\Android\Android Studio\jbr\bin\msvcp140.dll
0x00007ff9bb980000 - 0x00007ff9bb98c000 	C:\Windows\SYSTEM32\VCRUNTIME140_1.dll
0x00007ff989de0000 - 0x00007ff98a99c000 	C:\Program Files\Android\Android Studio\jbr\bin\server\jvm.dll
0x00007ff9d08f0000 - 0x00007ff9d0997000 	C:\Windows\System32\ADVAPI32.dll
0x00007ff9d0ab0000 - 0x00007ff9d0b4f000 	C:\Windows\System32\sechost.dll
0x00007ff9d2de0000 - 0x00007ff9d2de8000 	C:\Windows\System32\PSAPI.DLL
0x00007ff9c9050000 - 0x00007ff9c905a000 	C:\Windows\SYSTEM32\VERSION.dll
0x00007ff9ccf90000 - 0x00007ff9ccfb4000 	C:\Windows\SYSTEM32\WINMM.dll
0x00007ff9ccf60000 - 0x00007ff9ccf8d000 	C:\Windows\SYSTEM32\WINMMBASE.dll
0x00007ff9cf6d0000 - 0x00007ff9cf71a000 	C:\Windows\System32\cfgmgr32.dll
0x00007ff9bb990000 - 0x00007ff9bb999000 	C:\Windows\SYSTEM32\WSOCK32.dll
0x00007ff9d2df0000 - 0x00007ff9d2e5d000 	C:\Windows\System32\WS2_32.dll
0x00007ff9cee70000 - 0x00007ff9cee81000 	C:\Windows\System32\kernel.appcore.dll
0x00007ff9caf20000 - 0x00007ff9caf30000 	C:\Program Files\Android\Android Studio\jbr\bin\verify.dll
0x00007ff9bb6e0000 - 0x00007ff9bb8cd000 	C:\Windows\SYSTEM32\DBGHELP.DLL
0x00007ff9ba6f0000 - 0x00007ff9ba71a000 	C:\Windows\SYSTEM32\dbgcore.DLL
0x00007ff99df70000 - 0x00007ff99df98000 	C:\Program Files\Android\Android Studio\jbr\bin\java.dll
0x00007ff9ca3a0000 - 0x00007ff9ca3aa000 	C:\Program Files\Android\Android Studio\jbr\bin\jimage.dll
0x00007ff9bd370000 - 0x00007ff9bd388000 	C:\Program Files\Android\Android Studio\jbr\bin\zip.dll
0x00007ff9d0f60000 - 0x00007ff9d2458000 	C:\Windows\System32\SHELL32.dll
0x00007ff9d2900000 - 0x00007ff9d29a7000 	C:\Windows\System32\shcore.dll
0x00007ff9cf740000 - 0x00007ff9cfe89000 	C:\Windows\System32\windows.storage.dll
0x00007ff9cee90000 - 0x00007ff9ceeb3000 	C:\Windows\System32\profapi.dll
0x00007ff9ceec0000 - 0x00007ff9cef1d000 	C:\Windows\System32\powrprof.dll
0x00007ff9d09a0000 - 0x00007ff9d09f2000 	C:\Windows\System32\shlwapi.dll
0x00007ff9cf720000 - 0x00007ff9cf73b000 	C:\Windows\System32\cryptsp.dll
0x00007ff9b8cd0000 - 0x00007ff9b8ce9000 	C:\Program Files\Android\Android Studio\jbr\bin\net.dll
0x00007ff9ca4b0000 - 0x00007ff9ca5af000 	C:\Windows\SYSTEM32\WINHTTP.dll
0x00007ff9ce6a0000 - 0x00007ff9ce707000 	C:\Windows\system32\mswsock.dll
0x00007ff9a8970000 - 0x00007ff9a8983000 	C:\Program Files\Android\Android Studio\jbr\bin\nio.dll
0x00007ff95c4e0000 - 0x00007ff95c507000 	C:\User\pr110morshel\.gradle\native\e1d6ef7f7dcc3fd88c89a11ec53ec762bb8ba0a96d01ffa2cd45eb1d1d8dd5c5\windows-amd64\native-platform.dll
0x00007ff9995e0000 - 0x00007ff999724000 	C:\User\pr110morshel\.gradle\native\0d407fdbe67a94daf76414ababcb853783967236a71b16ec16e742cd7a986fd3\windows-amd64\native-platform-file-events.dll
0x00007ff9c9480000 - 0x00007ff9c948a000 	C:\Program Files\Android\Android Studio\jbr\bin\management.dll
0x00007ff9bebf0000 - 0x00007ff9bebfb000 	C:\Program Files\Android\Android Studio\jbr\bin\management_ext.dll
0x00007ff9ce1c0000 - 0x00007ff9ce1f3000 	C:\Windows\system32\rsaenh.dll
0x00007ff9cf640000 - 0x00007ff9cf666000 	C:\Windows\System32\bcrypt.dll
0x00007ff9ced80000 - 0x00007ff9ceda9000 	C:\Windows\SYSTEM32\USERENV.dll
0x00007ff9ce870000 - 0x00007ff9ce87c000 	C:\Windows\SYSTEM32\CRYPTBASE.dll
0x00007ff9ce3b0000 - 0x00007ff9ce3ed000 	C:\Windows\SYSTEM32\IPHLPAPI.DLL
0x00007ff9d0d90000 - 0x00007ff9d0d98000 	C:\Windows\System32\NSI.dll
0x00007ff9cac50000 - 0x00007ff9cac66000 	C:\Windows\SYSTEM32\dhcpcsvc6.DLL
0x00007ff9cac20000 - 0x00007ff9cac3c000 	C:\Windows\SYSTEM32\dhcpcsvc.DLL
0x00007ff9ce3f0000 - 0x00007ff9ce4b6000 	C:\Windows\SYSTEM32\DNSAPI.dll
0x00007ff9882d0000 - 0x00007ff9882f7000 	C:\Program Files\Android\Android Studio\jbr\bin\sunec.dll
0x00007ff9cddb0000 - 0x00007ff9cdde1000 	C:\Windows\SYSTEM32\ntmarta.dll
0x00007ff9c8d80000 - 0x00007ff9c8d8a000 	C:\Windows\System32\rasadhlp.dll
0x00007ff9cae60000 - 0x00007ff9caed9000 	C:\Windows\System32\fwpuclnt.dll

dbghelp: loaded successfully - version: 4.0.5 - missing functions: none
symbol engine: initialized successfully - sym options: 0x614 - pdb path: .;C:\Program Files\Android\Android Studio\jbr\bin;C:\Windows\SYSTEM32;C:\Windows\WinSxS\amd64_microsoft.windows.common-controls_6595b64144ccf1df_6.0.17763.4377_none_de744a4e53489aa3;C:\Program Files\Android\Android Studio\jbr\bin\server;C:\User\pr110morshel\.gradle\native\e1d6ef7f7dcc3fd88c89a11ec53ec762bb8ba0a96d01ffa2cd45eb1d1d8dd5c5\windows-amd64;C:\User\pr110morshel\.gradle\native\0d407fdbe67a94daf76414ababcb853783967236a71b16ec16e742cd7a986fd3\windows-amd64

VM Arguments:
jvm_args: --add-opens=java.base/java.util=ALL-UNNAMED --add-opens=java.base/java.lang=ALL-UNNAMED --add-opens=java.base/java.lang.invoke=ALL-UNNAMED --add-opens=java.base/java.util=ALL-UNNAMED --add-opens=java.prefs/java.util.prefs=ALL-UNNAMED --add-opens=java.prefs/java.util.prefs=ALL-UNNAMED --add-opens=java.base/java.nio.charset=ALL-UNNAMED --add-opens=java.base/java.net=ALL-UNNAMED --add-opens=java.base/java.util.concurrent.atomic=ALL-UNNAMED -Xmx2048m -Dfile.encoding=UTF-8 -Duser.country=RU -Duser.language=ru -Duser.variant 
java_command: org.gradle.launcher.daemon.bootstrap.GradleDaemon 7.5
java_class_path (initial): C:\User\pr110morshel\.gradle\wrapper\dists\gradle-7.5-bin\f1w0cc9nuo0eivz97x2xlu9sv\gradle-7.5\lib\gradle-launcher-7.5.jar
Launcher Type: SUN_STANDARD

[Global flags]
     intx CICompilerCount                          = 4                                         {product} {ergonomic}
     uint ConcGCThreads                            = 2                                         {product} {ergonomic}
     uint G1ConcRefinementThreads                  = 8                                         {product} {ergonomic}
   size_t G1HeapRegionSize                         = 1048576                                   {product} {ergonomic}
    uintx GCDrainStackTargetSize                   = 64                                        {product} {ergonomic}
   size_t InitialHeapSize                          = 268435456                                 {product} {ergonomic}
   size_t MarkStackSize                            = 4194304                                   {product} {ergonomic}
   size_t MaxHeapSize                              = 2147483648                                {product} {command line}
   size_t MaxNewSize                               = 1287651328                                {product} {ergonomic}
   size_t MinHeapDeltaBytes                        = 1048576                                   {product} {ergonomic}
    uintx NonNMethodCodeHeapSize                   = 5836300                                {pd product} {ergonomic}
    uintx NonProfiledCodeHeapSize                  = 122910970                              {pd product} {ergonomic}
    uintx ProfiledCodeHeapSize                     = 122910970                              {pd product} {ergonomic}
    uintx ReservedCodeCacheSize                    = 251658240                              {pd product} {ergonomic}
     bool SegmentedCodeCache                       = true                                      {product} {ergonomic}
     bool UseCompressedClassPointers               = true                                 {lp64_product} {ergonomic}
     bool UseCompressedOops                        = true                                 {lp64_product} {ergonomic}
     bool UseG1GC                                  = true                                      {product} {ergonomic}
     bool UseLargePagesIndividualAllocation        = false                                  {pd product} {ergonomic}

Logging:
Log output configuration:
 #0: stdout all=warning uptime,level,tags
 #1: stderr all=off uptime,level,tags

Environment Variables:
JAVA_HOME=C:\Program Files\Android\Jdk\microsoft_dist_openjdk_1.8.0.25
PATH=C:\Program Files (x86)\Python38\Scripts\;C:\Program Files (x86)\Python38\;C:\Program Files\Microsoft MPI\Bin\;C:\Program Files (x86)\Common Files\Oracle\Java\javapath;C:\Windows\system32;C:\Windows;C:\Windows\System32\Wbem;C:\Windows\System32\WindowsPowerShell\v1.0\;C:\Windows\System32\OpenSSH\;C:\Program Files (x86)\Microsoft SQL Server\150\DTS\Binn\;C:\Program Files\dotnet\;C:\Program Files\Microsoft SQL Server\130\Tools\Binn\;C:\Program Files (x86)\Microsoft SQL Server\140\Tools\Binn\;C:\Program Files\Microsoft SQL Server\140\Tools\Binn\;C:\Program Files (x86)\Microsoft SQL Server\140\DTS\Binn\;C:\Program Files\Microsoft SQL Server\140\DTS\Binn\;C:\Program Files\Microsoft SQL Server\Client SDK\ODBC\130\Tools\Binn\;C:\Program Files\Microsoft SQL Server\Client SDK\ODBC\170\Tools\Binn\;C:\Program Files (x86)\IncrediBuild;C:\Program Files (x86)\NVIDIA Corporation\PhysX\Common;C:\Program Files\Git\cmd;C:\Program Files\Azure Data Studio\bin;C:\Program Files\Microsoft VS Code\bin;C:\User\pr110morshel\AppData\Local\Microsoft\WindowsApps;C:\User\pr110morshel\AppData\Local\GitHubDesktop\bin
USERNAME=pr110morshel
OS=Windows_NT
PROCESSOR_IDENTIFIER=Intel64 Family 6 Model 158 Stepping 13, GenuineIntel



---------------  S Y S T E M  ---------------

OS: Windows 10 , 64 bit Build 17763 (10.0.17763.4377)
OS uptime: 0 days 3:31 hours

CPU:total 8 (initial active 8) (8 cores per cpu, 1 threads per core) family 6 model 158 stepping 13 microcode 0xde, cmov, cx8, fxsr, mmx, sse, sse2, sse3, ssse3, sse4.1, sse4.2, popcnt, avx, avx2, aes, clmul, erms, 3dnowpref, lzcnt, tsc, tscinvbit, bmi1, bmi2, adx, fma

Memory: 4k page, system-wide physical 16303M (2635M free)
TotalPageFile size 16303M (AvailPageFile size 22M)
current process WorkingSet (physical memory assigned to process): 688M, peak: 692M
current process commit charge ("private bytes"): 723M, peak: 727M

vm_info: OpenJDK 64-Bit Server VM (11.0.15+0-b2043.56-8887301) for windows-amd64 JRE (11.0.15+0-b2043.56-8887301), built on Jul 29 2022 23:19:47 by "builduser" with unknown MS VC++:1929

END.
